[2021-09-10 17:46:59] local.ERROR: Object of type Illuminate\Database\Schema\Blueprint is not callable {"exception":"[object] (Error(code: 0): Object of type Illuminate\\Database\\Schema\\Blueprint is not callable at /home/jehovany/conquete_project/conquete/database/migrations/2021_09_10_104636_create_personne__physiques_table.php:18)
[stacktrace]
#0 /home/jehovany/conquete_project/conquete/vendor/laravel/framework/src/Illuminate/Database/Schema/Builder.php(227): CreatePersonnePhysiquesTable->{closure}()
#1 /home/jehovany/conquete_project/conquete/vendor/laravel/framework/src/Illuminate/Support/helpers.php(263): Illuminate\\Database\\Schema\\Builder->Illuminate\\Database\\Schema\\{closure}()
#2 /home/jehovany/conquete_project/conquete/vendor/laravel/framework/src/Illuminate/Database/Schema/Builder.php(228): tap()
#3 /home/jehovany/conquete_project/conquete/vendor/laravel/framework/src/Illuminate/Support/Facades/Facade.php(261): Illuminate\\Database\\Schema\\Builder->create()
#4 /home/jehovany/conquete_project/conquete/database/migrations/2021_09_10_104636_create_personne__physiques_table.php(24): Illuminate\\Support\\Facades\\Facade::__callStatic()
#5 /home/jehovany/conquete_project/conquete/vendor/laravel/framework/src/Illuminate/Database/Migrations/Migrator.php(394): CreatePersonnePhysiquesTable->up()
#6 /home/jehovany/conquete_project/conquete/vendor/laravel/framework/src/Illuminate/Database/Migrations/Migrator.php(403): Illuminate\\Database\\Migrations\\Migrator->Illuminate\\Database\\Migrations\\{closure}()
#7 /home/jehovany/conquete_project/conquete/vendor/laravel/framework/src/Illuminate/Database/Migrations/Migrator.php(202): Illuminate\\Database\\Migrations\\Migrator->runMigration()
#8 /home/jehovany/conquete_project/conquete/vendor/laravel/framework/src/Illuminate/Database/Migrations/Migrator.php(167): Illuminate\\Database\\Migrations\\Migrator->runUp()
#9 /home/jehovany/conquete_project/conquete/vendor/laravel/framework/src/Illuminate/Database/Migrations/Migrator.php(112): Illuminate\\Database\\Migrations\\Migrator->runPending()
#10 /home/jehovany/conquete_project/conquete/vendor/laravel/framework/src/Illuminate/Database/Console/Migrations/MigrateCommand.php(85): Illuminate\\Database\\Migrations\\Migrator->run()
#11 /home/jehovany/conquete_project/conquete/vendor/laravel/framework/src/Illuminate/Database/Migrations/Migrator.php(585): Illuminate\\Database\\Console\\Migrations\\MigrateCommand->Illuminate\\Database\\Console\\Migrations\\{closure}()
#12 /home/jehovany/conquete_project/conquete/vendor/laravel/framework/src/Illuminate/Database/Console/Migrations/MigrateCommand.php(94): Illuminate\\Database\\Migrations\\Migrator->usingConnection()
#13 /home/jehovany/conquete_project/conquete/vendor/laravel/framework/src/Illuminate/Container/BoundMethod.php(36): Illuminate\\Database\\Console\\Migrations\\MigrateCommand->handle()
#14 /home/jehovany/conquete_project/conquete/vendor/laravel/framework/src/Illuminate/Container/Util.php(40): Illuminate\\Container\\BoundMethod::Illuminate\\Container\\{closure}()
#15 /home/jehovany/conquete_project/conquete/vendor/laravel/framework/src/Illuminate/Container/BoundMethod.php(93): Illuminate\\Container\\Util::unwrapIfClosure()
#16 /home/jehovany/conquete_project/conquete/vendor/laravel/framework/src/Illuminate/Container/BoundMethod.php(37): Illuminate\\Container\\BoundMethod::callBoundMethod()
#17 /home/jehovany/conquete_project/conquete/vendor/laravel/framework/src/Illuminate/Container/Container.php(651): Illuminate\\Container\\BoundMethod::call()
#18 /home/jehovany/conquete_project/conquete/vendor/laravel/framework/src/Illuminate/Console/Command.php(136): Illuminate\\Container\\Container->call()
#19 /home/jehovany/conquete_project/conquete/vendor/symfony/console/Command/Command.php(299): Illuminate\\Console\\Command->execute()
#20 /home/jehovany/conquete_project/conquete/vendor/laravel/framework/src/Illuminate/Console/Command.php(121): Symfony\\Component\\Console\\Command\\Command->run()
#21 /home/jehovany/conquete_project/conquete/vendor/symfony/console/Application.php(978): Illuminate\\Console\\Command->run()
#22 /home/jehovany/conquete_project/conquete/vendor/symfony/console/Application.php(295): Symfony\\Component\\Console\\Application->doRunCommand()
#23 /home/jehovany/conquete_project/conquete/vendor/symfony/console/Application.php(167): Symfony\\Component\\Console\\Application->doRun()
#24 /home/jehovany/conquete_project/conquete/vendor/laravel/framework/src/Illuminate/Console/Application.php(92): Symfony\\Component\\Console\\Application->run()
#25 /home/jehovany/conquete_project/conquete/vendor/laravel/framework/src/Illuminate/Foundation/Console/Kernel.php(129): Illuminate\\Console\\Application->run()
#26 /home/jehovany/conquete_project/conquete/artisan(37): Illuminate\\Foundation\\Console\\Kernel->handle()
#27 {main}
"} 
[2021-09-13 07:25:42] local.ERROR: syntax error, unexpected 'identité' (T_STRING), expecting ')' (View: /home/Cocou/HTML/SBIN/Make_form/conquete_project/conquete/resources/views/index.blade.php) {"view":{"view":"/home/Cocou/HTML/SBIN/Make_form/conquete_project/conquete/resources/views/index.blade.php","data":{"errors":"<pre class=sf-dump id=sf-dump-1873031424 data-indent-pad=\"  \"><span class=sf-dump-note>Illuminate\\Support\\ViewErrorBag</span> {<a class=sf-dump-ref>#276</a><samp data-depth=1 class=sf-dump-expanded>
  #<span class=sf-dump-protected title=\"Protected property\">bags</span>: []
</samp>}
</pre><script>Sfdump(\"sf-dump-1873031424\", {\"maxDepth\":3,\"maxStringLength\":160})</script>
"}},"exception":"[object] (Facade\\Ignition\\Exceptions\\ViewException(code: 0): syntax error, unexpected 'identité' (T_STRING), expecting ')' (View: /home/Cocou/HTML/SBIN/Make_form/conquete_project/conquete/resources/views/index.blade.php) at /home/Cocou/HTML/SBIN/Make_form/conquete_project/conquete/resources/views/index.blade.php:57)
[stacktrace]
#0 /home/Cocou/HTML/SBIN/Make_form/conquete_project/conquete/vendor/laravel/framework/src/Illuminate/Filesystem/Filesystem.php(108): Illuminate\\Filesystem\\Filesystem::Illuminate\\Filesystem\\{closure}()
#1 /home/Cocou/HTML/SBIN/Make_form/conquete_project/conquete/vendor/laravel/framework/src/Illuminate/View/Engines/PhpEngine.php(58): Illuminate\\Filesystem\\Filesystem->getRequire()
#2 /home/Cocou/HTML/SBIN/Make_form/conquete_project/conquete/vendor/laravel/framework/src/Illuminate/View/Engines/CompilerEngine.php(61): Illuminate\\View\\Engines\\PhpEngine->evaluatePath()
#3 /home/Cocou/HTML/SBIN/Make_form/conquete_project/conquete/vendor/facade/ignition/src/Views/Engines/CompilerEngine.php(37): Illuminate\\View\\Engines\\CompilerEngine->get()
#4 /home/Cocou/HTML/SBIN/Make_form/conquete_project/conquete/vendor/laravel/framework/src/Illuminate/View/View.php(139): Facade\\Ignition\\Views\\Engines\\CompilerEngine->get()
#5 /home/Cocou/HTML/SBIN/Make_form/conquete_project/conquete/vendor/laravel/framework/src/Illuminate/View/View.php(122): Illuminate\\View\\View->getContents()
#6 /home/Cocou/HTML/SBIN/Make_form/conquete_project/conquete/vendor/laravel/framework/src/Illuminate/View/View.php(91): Illuminate\\View\\View->renderContents()
#7 /home/Cocou/HTML/SBIN/Make_form/conquete_project/conquete/vendor/laravel/framework/src/Illuminate/Http/Response.php(69): Illuminate\\View\\View->render()
#8 /home/Cocou/HTML/SBIN/Make_form/conquete_project/conquete/vendor/laravel/framework/src/Illuminate/Http/Response.php(35): Illuminate\\Http\\Response->setContent()
#9 /home/Cocou/HTML/SBIN/Make_form/conquete_project/conquete/vendor/laravel/framework/src/Illuminate/Routing/Router.php(794): Illuminate\\Http\\Response->__construct()
#10 /home/Cocou/HTML/SBIN/Make_form/conquete_project/conquete/vendor/laravel/framework/src/Illuminate/Routing/Router.php(763): Illuminate\\Routing\\Router::toResponse()
#11 /home/Cocou/HTML/SBIN/Make_form/conquete_project/conquete/vendor/laravel/framework/src/Illuminate/Routing/Router.php(695): Illuminate\\Routing\\Router->prepareResponse()
#12 /home/Cocou/HTML/SBIN/Make_form/conquete_project/conquete/vendor/laravel/framework/src/Illuminate/Pipeline/Pipeline.php(128): Illuminate\\Routing\\Router->Illuminate\\Routing\\{closure}()
#13 /home/Cocou/HTML/SBIN/Make_form/conquete_project/conquete/vendor/laravel/framework/src/Illuminate/Routing/Middleware/SubstituteBindings.php(50): Illuminate\\Pipeline\\Pipeline->Illuminate\\Pipeline\\{closure}()
#14 /home/Cocou/HTML/SBIN/Make_form/conquete_project/conquete/vendor/laravel/framework/src/Illuminate/Pipeline/Pipeline.php(167): Illuminate\\Routing\\Middleware\\SubstituteBindings->handle()
#15 /home/Cocou/HTML/SBIN/Make_form/conquete_project/conquete/vendor/laravel/framework/src/Illuminate/Foundation/Http/Middleware/VerifyCsrfToken.php(78): Illuminate\\Pipeline\\Pipeline->Illuminate\\Pipeline\\{closure}()
#16 /home/Cocou/HTML/SBIN/Make_form/conquete_project/conquete/vendor/laravel/framework/src/Illuminate/Pipeline/Pipeline.php(167): Illuminate\\Foundation\\Http\\Middleware\\VerifyCsrfToken->handle()
#17 /home/Cocou/HTML/SBIN/Make_form/conquete_project/conquete/vendor/laravel/framework/src/Illuminate/View/Middleware/ShareErrorsFromSession.php(49): Illuminate\\Pipeline\\Pipeline->Illuminate\\Pipeline\\{closure}()
#18 /home/Cocou/HTML/SBIN/Make_form/conquete_project/conquete/vendor/laravel/framework/src/Illuminate/Pipeline/Pipeline.php(167): Illuminate\\View\\Middleware\\ShareErrorsFromSession->handle()
#19 /home/Cocou/HTML/SBIN/Make_form/conquete_project/conquete/vendor/laravel/framework/src/Illuminate/Session/Middleware/StartSession.php(121): Illuminate\\Pipeline\\Pipeline->Illuminate\\Pipeline\\{closure}()
#20 /home/Cocou/HTML/SBIN/Make_form/conquete_project/conquete/vendor/laravel/framework/src/Illuminate/Session/Middleware/StartSession.php(64): Illuminate\\Session\\Middleware\\StartSession->handleStatefulRequest()
#21 /home/Cocou/HTML/SBIN/Make_form/conquete_project/conquete/vendor/laravel/framework/src/Illuminate/Pipeline/Pipeline.php(167): Illuminate\\Session\\Middleware\\StartSession->handle()
#22 /home/Cocou/HTML/SBIN/Make_form/conquete_project/conquete/vendor/laravel/framework/src/Illuminate/Cookie/Middleware/AddQueuedCookiesToResponse.php(37): Illuminate\\Pipeline\\Pipeline->Illuminate\\Pipeline\\{closure}()
#23 /home/Cocou/HTML/SBIN/Make_form/conquete_project/conquete/vendor/laravel/framework/src/Illuminate/Pipeline/Pipeline.php(167): Illuminate\\Cookie\\Middleware\\AddQueuedCookiesToResponse->handle()
#24 /home/Cocou/HTML/SBIN/Make_form/conquete_project/conquete/vendor/laravel/framework/src/Illuminate/Cookie/Middleware/EncryptCookies.php(67): Illuminate\\Pipeline\\Pipeline->Illuminate\\Pipeline\\{closure}()
#25 /home/Cocou/HTML/SBIN/Make_form/conquete_project/conquete/vendor/laravel/framework/src/Illuminate/Pipeline/Pipeline.php(167): Illuminate\\Cookie\\Middleware\\EncryptCookies->handle()
#26 /home/Cocou/HTML/SBIN/Make_form/conquete_project/conquete/vendor/laravel/framework/src/Illuminate/Pipeline/Pipeline.php(103): Illuminate\\Pipeline\\Pipeline->Illuminate\\Pipeline\\{closure}()
#27 /home/Cocou/HTML/SBIN/Make_form/conquete_project/conquete/vendor/laravel/framework/src/Illuminate/Routing/Router.php(697): Illuminate\\Pipeline\\Pipeline->then()
#28 /home/Cocou/HTML/SBIN/Make_form/conquete_project/conquete/vendor/laravel/framework/src/Illuminate/Routing/Router.php(672): Illuminate\\Routing\\Router->runRouteWithinStack()
#29 /home/Cocou/HTML/SBIN/Make_form/conquete_project/conquete/vendor/laravel/framework/src/Illuminate/Routing/Router.php(636): Illuminate\\Routing\\Router->runRoute()
#30 /home/Cocou/HTML/SBIN/Make_form/conquete_project/conquete/vendor/laravel/framework/src/Illuminate/Routing/Router.php(625): Illuminate\\Routing\\Router->dispatchToRoute()
#31 /home/Cocou/HTML/SBIN/Make_form/conquete_project/conquete/vendor/laravel/framework/src/Illuminate/Foundation/Http/Kernel.php(166): Illuminate\\Routing\\Router->dispatch()
#32 /home/Cocou/HTML/SBIN/Make_form/conquete_project/conquete/vendor/laravel/framework/src/Illuminate/Pipeline/Pipeline.php(128): Illuminate\\Foundation\\Http\\Kernel->Illuminate\\Foundation\\Http\\{closure}()
#33 /home/Cocou/HTML/SBIN/Make_form/conquete_project/conquete/vendor/laravel/framework/src/Illuminate/Foundation/Http/Middleware/TransformsRequest.php(21): Illuminate\\Pipeline\\Pipeline->Illuminate\\Pipeline\\{closure}()
#34 /home/Cocou/HTML/SBIN/Make_form/conquete_project/conquete/vendor/laravel/framework/src/Illuminate/Foundation/Http/Middleware/ConvertEmptyStringsToNull.php(31): Illuminate\\Foundation\\Http\\Middleware\\TransformsRequest->handle()
#35 /home/Cocou/HTML/SBIN/Make_form/conquete_project/conquete/vendor/laravel/framework/src/Illuminate/Pipeline/Pipeline.php(167): Illuminate\\Foundation\\Http\\Middleware\\ConvertEmptyStringsToNull->handle()
#36 /home/Cocou/HTML/SBIN/Make_form/conquete_project/conquete/vendor/laravel/framework/src/Illuminate/Foundation/Http/Middleware/TransformsRequest.php(21): Illuminate\\Pipeline\\Pipeline->Illuminate\\Pipeline\\{closure}()
#37 /home/Cocou/HTML/SBIN/Make_form/conquete_project/conquete/vendor/laravel/framework/src/Illuminate/Foundation/Http/Middleware/TrimStrings.php(40): Illuminate\\Foundation\\Http\\Middleware\\TransformsRequest->handle()
#38 /home/Cocou/HTML/SBIN/Make_form/conquete_project/conquete/vendor/laravel/framework/src/Illuminate/Pipeline/Pipeline.php(167): Illuminate\\Foundation\\Http\\Middleware\\TrimStrings->handle()
#39 /home/Cocou/HTML/SBIN/Make_form/conquete_project/conquete/vendor/laravel/framework/src/Illuminate/Foundation/Http/Middleware/ValidatePostSize.php(27): Illuminate\\Pipeline\\Pipeline->Illuminate\\Pipeline\\{closure}()
#40 /home/Cocou/HTML/SBIN/Make_form/conquete_project/conquete/vendor/laravel/framework/src/Illuminate/Pipeline/Pipeline.php(167): Illuminate\\Foundation\\Http\\Middleware\\ValidatePostSize->handle()
#41 /home/Cocou/HTML/SBIN/Make_form/conquete_project/conquete/vendor/laravel/framework/src/Illuminate/Foundation/Http/Middleware/PreventRequestsDuringMaintenance.php(86): Illuminate\\Pipeline\\Pipeline->Illuminate\\Pipeline\\{closure}()
#42 /home/Cocou/HTML/SBIN/Make_form/conquete_project/conquete/vendor/laravel/framework/src/Illuminate/Pipeline/Pipeline.php(167): Illuminate\\Foundation\\Http\\Middleware\\PreventRequestsDuringMaintenance->handle()
#43 /home/Cocou/HTML/SBIN/Make_form/conquete_project/conquete/vendor/fruitcake/laravel-cors/src/HandleCors.php(38): Illuminate\\Pipeline\\Pipeline->Illuminate\\Pipeline\\{closure}()
#44 /home/Cocou/HTML/SBIN/Make_form/conquete_project/conquete/vendor/laravel/framework/src/Illuminate/Pipeline/Pipeline.php(167): Fruitcake\\Cors\\HandleCors->handle()
#45 /home/Cocou/HTML/SBIN/Make_form/conquete_project/conquete/vendor/laravel/framework/src/Illuminate/Http/Middleware/TrustProxies.php(39): Illuminate\\Pipeline\\Pipeline->Illuminate\\Pipeline\\{closure}()
#46 /home/Cocou/HTML/SBIN/Make_form/conquete_project/conquete/vendor/laravel/framework/src/Illuminate/Pipeline/Pipeline.php(167): Illuminate\\Http\\Middleware\\TrustProxies->handle()
#47 /home/Cocou/HTML/SBIN/Make_form/conquete_project/conquete/vendor/laravel/framework/src/Illuminate/Pipeline/Pipeline.php(103): Illuminate\\Pipeline\\Pipeline->Illuminate\\Pipeline\\{closure}()
#48 /home/Cocou/HTML/SBIN/Make_form/conquete_project/conquete/vendor/laravel/framework/src/Illuminate/Foundation/Http/Kernel.php(141): Illuminate\\Pipeline\\Pipeline->then()
#49 /home/Cocou/HTML/SBIN/Make_form/conquete_project/conquete/vendor/laravel/framework/src/Illuminate/Foundation/Http/Kernel.php(110): Illuminate\\Foundation\\Http\\Kernel->sendRequestThroughRouter()
#50 /home/Cocou/HTML/SBIN/Make_form/conquete_project/conquete/public/index.php(52): Illuminate\\Foundation\\Http\\Kernel->handle()
#51 /home/Cocou/HTML/SBIN/Make_form/conquete_project/conquete/server.php(21): require_once('/home/Cocou/HTM...')
#52 {main}

[previous exception] [object] (ParseError(code: 0): syntax error, unexpected 'identité' (T_STRING), expecting ')' at /home/Cocou/HTML/SBIN/Make_form/conquete_project/conquete/storage/framework/views/4f2fa8409c974732c87ea63d911f0578ab3861fd.php:57)
[stacktrace]
#0 /home/Cocou/HTML/SBIN/Make_form/conquete_project/conquete/vendor/laravel/framework/src/Illuminate/Filesystem/Filesystem.php(108): Illuminate\\Filesystem\\Filesystem::Illuminate\\Filesystem\\{closure}()
#1 /home/Cocou/HTML/SBIN/Make_form/conquete_project/conquete/vendor/laravel/framework/src/Illuminate/View/Engines/PhpEngine.php(58): Illuminate\\Filesystem\\Filesystem->getRequire()
#2 /home/Cocou/HTML/SBIN/Make_form/conquete_project/conquete/vendor/laravel/framework/src/Illuminate/View/Engines/CompilerEngine.php(61): Illuminate\\View\\Engines\\PhpEngine->evaluatePath()
#3 /home/Cocou/HTML/SBIN/Make_form/conquete_project/conquete/vendor/facade/ignition/src/Views/Engines/CompilerEngine.php(37): Illuminate\\View\\Engines\\CompilerEngine->get()
#4 /home/Cocou/HTML/SBIN/Make_form/conquete_project/conquete/vendor/laravel/framework/src/Illuminate/View/View.php(139): Facade\\Ignition\\Views\\Engines\\CompilerEngine->get()
#5 /home/Cocou/HTML/SBIN/Make_form/conquete_project/conquete/vendor/laravel/framework/src/Illuminate/View/View.php(122): Illuminate\\View\\View->getContents()
#6 /home/Cocou/HTML/SBIN/Make_form/conquete_project/conquete/vendor/laravel/framework/src/Illuminate/View/View.php(91): Illuminate\\View\\View->renderContents()
#7 /home/Cocou/HTML/SBIN/Make_form/conquete_project/conquete/vendor/laravel/framework/src/Illuminate/Http/Response.php(69): Illuminate\\View\\View->render()
#8 /home/Cocou/HTML/SBIN/Make_form/conquete_project/conquete/vendor/laravel/framework/src/Illuminate/Http/Response.php(35): Illuminate\\Http\\Response->setContent()
#9 /home/Cocou/HTML/SBIN/Make_form/conquete_project/conquete/vendor/laravel/framework/src/Illuminate/Routing/Router.php(794): Illuminate\\Http\\Response->__construct()
#10 /home/Cocou/HTML/SBIN/Make_form/conquete_project/conquete/vendor/laravel/framework/src/Illuminate/Routing/Router.php(763): Illuminate\\Routing\\Router::toResponse()
#11 /home/Cocou/HTML/SBIN/Make_form/conquete_project/conquete/vendor/laravel/framework/src/Illuminate/Routing/Router.php(695): Illuminate\\Routing\\Router->prepareResponse()
#12 /home/Cocou/HTML/SBIN/Make_form/conquete_project/conquete/vendor/laravel/framework/src/Illuminate/Pipeline/Pipeline.php(128): Illuminate\\Routing\\Router->Illuminate\\Routing\\{closure}()
#13 /home/Cocou/HTML/SBIN/Make_form/conquete_project/conquete/vendor/laravel/framework/src/Illuminate/Routing/Middleware/SubstituteBindings.php(50): Illuminate\\Pipeline\\Pipeline->Illuminate\\Pipeline\\{closure}()
#14 /home/Cocou/HTML/SBIN/Make_form/conquete_project/conquete/vendor/laravel/framework/src/Illuminate/Pipeline/Pipeline.php(167): Illuminate\\Routing\\Middleware\\SubstituteBindings->handle()
#15 /home/Cocou/HTML/SBIN/Make_form/conquete_project/conquete/vendor/laravel/framework/src/Illuminate/Foundation/Http/Middleware/VerifyCsrfToken.php(78): Illuminate\\Pipeline\\Pipeline->Illuminate\\Pipeline\\{closure}()
#16 /home/Cocou/HTML/SBIN/Make_form/conquete_project/conquete/vendor/laravel/framework/src/Illuminate/Pipeline/Pipeline.php(167): Illuminate\\Foundation\\Http\\Middleware\\VerifyCsrfToken->handle()
#17 /home/Cocou/HTML/SBIN/Make_form/conquete_project/conquete/vendor/laravel/framework/src/Illuminate/View/Middleware/ShareErrorsFromSession.php(49): Illuminate\\Pipeline\\Pipeline->Illuminate\\Pipeline\\{closure}()
#18 /home/Cocou/HTML/SBIN/Make_form/conquete_project/conquete/vendor/laravel/framework/src/Illuminate/Pipeline/Pipeline.php(167): Illuminate\\View\\Middleware\\ShareErrorsFromSession->handle()
#19 /home/Cocou/HTML/SBIN/Make_form/conquete_project/conquete/vendor/laravel/framework/src/Illuminate/Session/Middleware/StartSession.php(121): Illuminate\\Pipeline\\Pipeline->Illuminate\\Pipeline\\{closure}()
#20 /home/Cocou/HTML/SBIN/Make_form/conquete_project/conquete/vendor/laravel/framework/src/Illuminate/Session/Middleware/StartSession.php(64): Illuminate\\Session\\Middleware\\StartSession->handleStatefulRequest()
#21 /home/Cocou/HTML/SBIN/Make_form/conquete_project/conquete/vendor/laravel/framework/src/Illuminate/Pipeline/Pipeline.php(167): Illuminate\\Session\\Middleware\\StartSession->handle()
#22 /home/Cocou/HTML/SBIN/Make_form/conquete_project/conquete/vendor/laravel/framework/src/Illuminate/Cookie/Middleware/AddQueuedCookiesToResponse.php(37): Illuminate\\Pipeline\\Pipeline->Illuminate\\Pipeline\\{closure}()
#23 /home/Cocou/HTML/SBIN/Make_form/conquete_project/conquete/vendor/laravel/framework/src/Illuminate/Pipeline/Pipeline.php(167): Illuminate\\Cookie\\Middleware\\AddQueuedCookiesToResponse->handle()
#24 /home/Cocou/HTML/SBIN/Make_form/conquete_project/conquete/vendor/laravel/framework/src/Illuminate/Cookie/Middleware/EncryptCookies.php(67): Illuminate\\Pipeline\\Pipeline->Illuminate\\Pipeline\\{closure}()
#25 /home/Cocou/HTML/SBIN/Make_form/conquete_project/conquete/vendor/laravel/framework/src/Illuminate/Pipeline/Pipeline.php(167): Illuminate\\Cookie\\Middleware\\EncryptCookies->handle()
#26 /home/Cocou/HTML/SBIN/Make_form/conquete_project/conquete/vendor/laravel/framework/src/Illuminate/Pipeline/Pipeline.php(103): Illuminate\\Pipeline\\Pipeline->Illuminate\\Pipeline\\{closure}()
#27 /home/Cocou/HTML/SBIN/Make_form/conquete_project/conquete/vendor/laravel/framework/src/Illuminate/Routing/Router.php(697): Illuminate\\Pipeline\\Pipeline->then()
#28 /home/Cocou/HTML/SBIN/Make_form/conquete_project/conquete/vendor/laravel/framework/src/Illuminate/Routing/Router.php(672): Illuminate\\Routing\\Router->runRouteWithinStack()
#29 /home/Cocou/HTML/SBIN/Make_form/conquete_project/conquete/vendor/laravel/framework/src/Illuminate/Routing/Router.php(636): Illuminate\\Routing\\Router->runRoute()
#30 /home/Cocou/HTML/SBIN/Make_form/conquete_project/conquete/vendor/laravel/framework/src/Illuminate/Routing/Router.php(625): Illuminate\\Routing\\Router->dispatchToRoute()
#31 /home/Cocou/HTML/SBIN/Make_form/conquete_project/conquete/vendor/laravel/framework/src/Illuminate/Foundation/Http/Kernel.php(166): Illuminate\\Routing\\Router->dispatch()
#32 /home/Cocou/HTML/SBIN/Make_form/conquete_project/conquete/vendor/laravel/framework/src/Illuminate/Pipeline/Pipeline.php(128): Illuminate\\Foundation\\Http\\Kernel->Illuminate\\Foundation\\Http\\{closure}()
#33 /home/Cocou/HTML/SBIN/Make_form/conquete_project/conquete/vendor/laravel/framework/src/Illuminate/Foundation/Http/Middleware/TransformsRequest.php(21): Illuminate\\Pipeline\\Pipeline->Illuminate\\Pipeline\\{closure}()
#34 /home/Cocou/HTML/SBIN/Make_form/conquete_project/conquete/vendor/laravel/framework/src/Illuminate/Foundation/Http/Middleware/ConvertEmptyStringsToNull.php(31): Illuminate\\Foundation\\Http\\Middleware\\TransformsRequest->handle()
#35 /home/Cocou/HTML/SBIN/Make_form/conquete_project/conquete/vendor/laravel/framework/src/Illuminate/Pipeline/Pipeline.php(167): Illuminate\\Foundation\\Http\\Middleware\\ConvertEmptyStringsToNull->handle()
#36 /home/Cocou/HTML/SBIN/Make_form/conquete_project/conquete/vendor/laravel/framework/src/Illuminate/Foundation/Http/Middleware/TransformsRequest.php(21): Illuminate\\Pipeline\\Pipeline->Illuminate\\Pipeline\\{closure}()
#37 /home/Cocou/HTML/SBIN/Make_form/conquete_project/conquete/vendor/laravel/framework/src/Illuminate/Foundation/Http/Middleware/TrimStrings.php(40): Illuminate\\Foundation\\Http\\Middleware\\TransformsRequest->handle()
#38 /home/Cocou/HTML/SBIN/Make_form/conquete_project/conquete/vendor/laravel/framework/src/Illuminate/Pipeline/Pipeline.php(167): Illuminate\\Foundation\\Http\\Middleware\\TrimStrings->handle()
#39 /home/Cocou/HTML/SBIN/Make_form/conquete_project/conquete/vendor/laravel/framework/src/Illuminate/Foundation/Http/Middleware/ValidatePostSize.php(27): Illuminate\\Pipeline\\Pipeline->Illuminate\\Pipeline\\{closure}()
#40 /home/Cocou/HTML/SBIN/Make_form/conquete_project/conquete/vendor/laravel/framework/src/Illuminate/Pipeline/Pipeline.php(167): Illuminate\\Foundation\\Http\\Middleware\\ValidatePostSize->handle()
#41 /home/Cocou/HTML/SBIN/Make_form/conquete_project/conquete/vendor/laravel/framework/src/Illuminate/Foundation/Http/Middleware/PreventRequestsDuringMaintenance.php(86): Illuminate\\Pipeline\\Pipeline->Illuminate\\Pipeline\\{closure}()
#42 /home/Cocou/HTML/SBIN/Make_form/conquete_project/conquete/vendor/laravel/framework/src/Illuminate/Pipeline/Pipeline.php(167): Illuminate\\Foundation\\Http\\Middleware\\PreventRequestsDuringMaintenance->handle()
#43 /home/Cocou/HTML/SBIN/Make_form/conquete_project/conquete/vendor/fruitcake/laravel-cors/src/HandleCors.php(38): Illuminate\\Pipeline\\Pipeline->Illuminate\\Pipeline\\{closure}()
#44 /home/Cocou/HTML/SBIN/Make_form/conquete_project/conquete/vendor/laravel/framework/src/Illuminate/Pipeline/Pipeline.php(167): Fruitcake\\Cors\\HandleCors->handle()
#45 /home/Cocou/HTML/SBIN/Make_form/conquete_project/conquete/vendor/laravel/framework/src/Illuminate/Http/Middleware/TrustProxies.php(39): Illuminate\\Pipeline\\Pipeline->Illuminate\\Pipeline\\{closure}()
#46 /home/Cocou/HTML/SBIN/Make_form/conquete_project/conquete/vendor/laravel/framework/src/Illuminate/Pipeline/Pipeline.php(167): Illuminate\\Http\\Middleware\\TrustProxies->handle()
#47 /home/Cocou/HTML/SBIN/Make_form/conquete_project/conquete/vendor/laravel/framework/src/Illuminate/Pipeline/Pipeline.php(103): Illuminate\\Pipeline\\Pipeline->Illuminate\\Pipeline\\{closure}()
#48 /home/Cocou/HTML/SBIN/Make_form/conquete_project/conquete/vendor/laravel/framework/src/Illuminate/Foundation/Http/Kernel.php(141): Illuminate\\Pipeline\\Pipeline->then()
#49 /home/Cocou/HTML/SBIN/Make_form/conquete_project/conquete/vendor/laravel/framework/src/Illuminate/Foundation/Http/Kernel.php(110): Illuminate\\Foundation\\Http\\Kernel->sendRequestThroughRouter()
#50 /home/Cocou/HTML/SBIN/Make_form/conquete_project/conquete/public/index.php(52): Illuminate\\Foundation\\Http\\Kernel->handle()
#51 /home/Cocou/HTML/SBIN/Make_form/conquete_project/conquete/server.php(21): require_once('/home/Cocou/HTM...')
#52 {main}
"} 
[2021-09-13 07:26:50] local.ERROR: syntax error, unexpected 'identité' (T_STRING), expecting ')' (View: /home/Cocou/HTML/SBIN/Make_form/conquete_project/conquete/resources/views/index.blade.php) {"view":{"view":"/home/Cocou/HTML/SBIN/Make_form/conquete_project/conquete/resources/views/index.blade.php","data":{"errors":"<pre class=sf-dump id=sf-dump-1864675602 data-indent-pad=\"  \"><span class=sf-dump-note>Illuminate\\Support\\ViewErrorBag</span> {<a class=sf-dump-ref>#276</a><samp data-depth=1 class=sf-dump-expanded>
  #<span class=sf-dump-protected title=\"Protected property\">bags</span>: []
</samp>}
</pre><script>Sfdump(\"sf-dump-1864675602\", {\"maxDepth\":3,\"maxStringLength\":160})</script>
"}},"exception":"[object] (Facade\\Ignition\\Exceptions\\ViewException(code: 0): syntax error, unexpected 'identité' (T_STRING), expecting ')' (View: /home/Cocou/HTML/SBIN/Make_form/conquete_project/conquete/resources/views/index.blade.php) at /home/Cocou/HTML/SBIN/Make_form/conquete_project/conquete/resources/views/index.blade.php:56)
[stacktrace]
#0 /home/Cocou/HTML/SBIN/Make_form/conquete_project/conquete/vendor/laravel/framework/src/Illuminate/Filesystem/Filesystem.php(108): Illuminate\\Filesystem\\Filesystem::Illuminate\\Filesystem\\{closure}()
#1 /home/Cocou/HTML/SBIN/Make_form/conquete_project/conquete/vendor/laravel/framework/src/Illuminate/View/Engines/PhpEngine.php(58): Illuminate\\Filesystem\\Filesystem->getRequire()
#2 /home/Cocou/HTML/SBIN/Make_form/conquete_project/conquete/vendor/laravel/framework/src/Illuminate/View/Engines/CompilerEngine.php(61): Illuminate\\View\\Engines\\PhpEngine->evaluatePath()
#3 /home/Cocou/HTML/SBIN/Make_form/conquete_project/conquete/vendor/facade/ignition/src/Views/Engines/CompilerEngine.php(37): Illuminate\\View\\Engines\\CompilerEngine->get()
#4 /home/Cocou/HTML/SBIN/Make_form/conquete_project/conquete/vendor/laravel/framework/src/Illuminate/View/View.php(139): Facade\\Ignition\\Views\\Engines\\CompilerEngine->get()
#5 /home/Cocou/HTML/SBIN/Make_form/conquete_project/conquete/vendor/laravel/framework/src/Illuminate/View/View.php(122): Illuminate\\View\\View->getContents()
#6 /home/Cocou/HTML/SBIN/Make_form/conquete_project/conquete/vendor/laravel/framework/src/Illuminate/View/View.php(91): Illuminate\\View\\View->renderContents()
#7 /home/Cocou/HTML/SBIN/Make_form/conquete_project/conquete/vendor/laravel/framework/src/Illuminate/Http/Response.php(69): Illuminate\\View\\View->render()
#8 /home/Cocou/HTML/SBIN/Make_form/conquete_project/conquete/vendor/laravel/framework/src/Illuminate/Http/Response.php(35): Illuminate\\Http\\Response->setContent()
#9 /home/Cocou/HTML/SBIN/Make_form/conquete_project/conquete/vendor/laravel/framework/src/Illuminate/Routing/Router.php(794): Illuminate\\Http\\Response->__construct()
#10 /home/Cocou/HTML/SBIN/Make_form/conquete_project/conquete/vendor/laravel/framework/src/Illuminate/Routing/Router.php(763): Illuminate\\Routing\\Router::toResponse()
#11 /home/Cocou/HTML/SBIN/Make_form/conquete_project/conquete/vendor/laravel/framework/src/Illuminate/Routing/Router.php(695): Illuminate\\Routing\\Router->prepareResponse()
#12 /home/Cocou/HTML/SBIN/Make_form/conquete_project/conquete/vendor/laravel/framework/src/Illuminate/Pipeline/Pipeline.php(128): Illuminate\\Routing\\Router->Illuminate\\Routing\\{closure}()
#13 /home/Cocou/HTML/SBIN/Make_form/conquete_project/conquete/vendor/laravel/framework/src/Illuminate/Routing/Middleware/SubstituteBindings.php(50): Illuminate\\Pipeline\\Pipeline->Illuminate\\Pipeline\\{closure}()
#14 /home/Cocou/HTML/SBIN/Make_form/conquete_project/conquete/vendor/laravel/framework/src/Illuminate/Pipeline/Pipeline.php(167): Illuminate\\Routing\\Middleware\\SubstituteBindings->handle()
#15 /home/Cocou/HTML/SBIN/Make_form/conquete_project/conquete/vendor/laravel/framework/src/Illuminate/Foundation/Http/Middleware/VerifyCsrfToken.php(78): Illuminate\\Pipeline\\Pipeline->Illuminate\\Pipeline\\{closure}()
#16 /home/Cocou/HTML/SBIN/Make_form/conquete_project/conquete/vendor/laravel/framework/src/Illuminate/Pipeline/Pipeline.php(167): Illuminate\\Foundation\\Http\\Middleware\\VerifyCsrfToken->handle()
#17 /home/Cocou/HTML/SBIN/Make_form/conquete_project/conquete/vendor/laravel/framework/src/Illuminate/View/Middleware/ShareErrorsFromSession.php(49): Illuminate\\Pipeline\\Pipeline->Illuminate\\Pipeline\\{closure}()
#18 /home/Cocou/HTML/SBIN/Make_form/conquete_project/conquete/vendor/laravel/framework/src/Illuminate/Pipeline/Pipeline.php(167): Illuminate\\View\\Middleware\\ShareErrorsFromSession->handle()
#19 /home/Cocou/HTML/SBIN/Make_form/conquete_project/conquete/vendor/laravel/framework/src/Illuminate/Session/Middleware/StartSession.php(121): Illuminate\\Pipeline\\Pipeline->Illuminate\\Pipeline\\{closure}()
#20 /home/Cocou/HTML/SBIN/Make_form/conquete_project/conquete/vendor/laravel/framework/src/Illuminate/Session/Middleware/StartSession.php(64): Illuminate\\Session\\Middleware\\StartSession->handleStatefulRequest()
#21 /home/Cocou/HTML/SBIN/Make_form/conquete_project/conquete/vendor/laravel/framework/src/Illuminate/Pipeline/Pipeline.php(167): Illuminate\\Session\\Middleware\\StartSession->handle()
#22 /home/Cocou/HTML/SBIN/Make_form/conquete_project/conquete/vendor/laravel/framework/src/Illuminate/Cookie/Middleware/AddQueuedCookiesToResponse.php(37): Illuminate\\Pipeline\\Pipeline->Illuminate\\Pipeline\\{closure}()
#23 /home/Cocou/HTML/SBIN/Make_form/conquete_project/conquete/vendor/laravel/framework/src/Illuminate/Pipeline/Pipeline.php(167): Illuminate\\Cookie\\Middleware\\AddQueuedCookiesToResponse->handle()
#24 /home/Cocou/HTML/SBIN/Make_form/conquete_project/conquete/vendor/laravel/framework/src/Illuminate/Cookie/Middleware/EncryptCookies.php(67): Illuminate\\Pipeline\\Pipeline->Illuminate\\Pipeline\\{closure}()
#25 /home/Cocou/HTML/SBIN/Make_form/conquete_project/conquete/vendor/laravel/framework/src/Illuminate/Pipeline/Pipeline.php(167): Illuminate\\Cookie\\Middleware\\EncryptCookies->handle()
#26 /home/Cocou/HTML/SBIN/Make_form/conquete_project/conquete/vendor/laravel/framework/src/Illuminate/Pipeline/Pipeline.php(103): Illuminate\\Pipeline\\Pipeline->Illuminate\\Pipeline\\{closure}()
#27 /home/Cocou/HTML/SBIN/Make_form/conquete_project/conquete/vendor/laravel/framework/src/Illuminate/Routing/Router.php(697): Illuminate\\Pipeline\\Pipeline->then()
#28 /home/Cocou/HTML/SBIN/Make_form/conquete_project/conquete/vendor/laravel/framework/src/Illuminate/Routing/Router.php(672): Illuminate\\Routing\\Router->runRouteWithinStack()
#29 /home/Cocou/HTML/SBIN/Make_form/conquete_project/conquete/vendor/laravel/framework/src/Illuminate/Routing/Router.php(636): Illuminate\\Routing\\Router->runRoute()
#30 /home/Cocou/HTML/SBIN/Make_form/conquete_project/conquete/vendor/laravel/framework/src/Illuminate/Routing/Router.php(625): Illuminate\\Routing\\Router->dispatchToRoute()
#31 /home/Cocou/HTML/SBIN/Make_form/conquete_project/conquete/vendor/laravel/framework/src/Illuminate/Foundation/Http/Kernel.php(166): Illuminate\\Routing\\Router->dispatch()
#32 /home/Cocou/HTML/SBIN/Make_form/conquete_project/conquete/vendor/laravel/framework/src/Illuminate/Pipeline/Pipeline.php(128): Illuminate\\Foundation\\Http\\Kernel->Illuminate\\Foundation\\Http\\{closure}()
#33 /home/Cocou/HTML/SBIN/Make_form/conquete_project/conquete/vendor/laravel/framework/src/Illuminate/Foundation/Http/Middleware/TransformsRequest.php(21): Illuminate\\Pipeline\\Pipeline->Illuminate\\Pipeline\\{closure}()
#34 /home/Cocou/HTML/SBIN/Make_form/conquete_project/conquete/vendor/laravel/framework/src/Illuminate/Foundation/Http/Middleware/ConvertEmptyStringsToNull.php(31): Illuminate\\Foundation\\Http\\Middleware\\TransformsRequest->handle()
#35 /home/Cocou/HTML/SBIN/Make_form/conquete_project/conquete/vendor/laravel/framework/src/Illuminate/Pipeline/Pipeline.php(167): Illuminate\\Foundation\\Http\\Middleware\\ConvertEmptyStringsToNull->handle()
#36 /home/Cocou/HTML/SBIN/Make_form/conquete_project/conquete/vendor/laravel/framework/src/Illuminate/Foundation/Http/Middleware/TransformsRequest.php(21): Illuminate\\Pipeline\\Pipeline->Illuminate\\Pipeline\\{closure}()
#37 /home/Cocou/HTML/SBIN/Make_form/conquete_project/conquete/vendor/laravel/framework/src/Illuminate/Foundation/Http/Middleware/TrimStrings.php(40): Illuminate\\Foundation\\Http\\Middleware\\TransformsRequest->handle()
#38 /home/Cocou/HTML/SBIN/Make_form/conquete_project/conquete/vendor/laravel/framework/src/Illuminate/Pipeline/Pipeline.php(167): Illuminate\\Foundation\\Http\\Middleware\\TrimStrings->handle()
#39 /home/Cocou/HTML/SBIN/Make_form/conquete_project/conquete/vendor/laravel/framework/src/Illuminate/Foundation/Http/Middleware/ValidatePostSize.php(27): Illuminate\\Pipeline\\Pipeline->Illuminate\\Pipeline\\{closure}()
#40 /home/Cocou/HTML/SBIN/Make_form/conquete_project/conquete/vendor/laravel/framework/src/Illuminate/Pipeline/Pipeline.php(167): Illuminate\\Foundation\\Http\\Middleware\\ValidatePostSize->handle()
#41 /home/Cocou/HTML/SBIN/Make_form/conquete_project/conquete/vendor/laravel/framework/src/Illuminate/Foundation/Http/Middleware/PreventRequestsDuringMaintenance.php(86): Illuminate\\Pipeline\\Pipeline->Illuminate\\Pipeline\\{closure}()
#42 /home/Cocou/HTML/SBIN/Make_form/conquete_project/conquete/vendor/laravel/framework/src/Illuminate/Pipeline/Pipeline.php(167): Illuminate\\Foundation\\Http\\Middleware\\PreventRequestsDuringMaintenance->handle()
#43 /home/Cocou/HTML/SBIN/Make_form/conquete_project/conquete/vendor/fruitcake/laravel-cors/src/HandleCors.php(38): Illuminate\\Pipeline\\Pipeline->Illuminate\\Pipeline\\{closure}()
#44 /home/Cocou/HTML/SBIN/Make_form/conquete_project/conquete/vendor/laravel/framework/src/Illuminate/Pipeline/Pipeline.php(167): Fruitcake\\Cors\\HandleCors->handle()
#45 /home/Cocou/HTML/SBIN/Make_form/conquete_project/conquete/vendor/laravel/framework/src/Illuminate/Http/Middleware/TrustProxies.php(39): Illuminate\\Pipeline\\Pipeline->Illuminate\\Pipeline\\{closure}()
#46 /home/Cocou/HTML/SBIN/Make_form/conquete_project/conquete/vendor/laravel/framework/src/Illuminate/Pipeline/Pipeline.php(167): Illuminate\\Http\\Middleware\\TrustProxies->handle()
#47 /home/Cocou/HTML/SBIN/Make_form/conquete_project/conquete/vendor/laravel/framework/src/Illuminate/Pipeline/Pipeline.php(103): Illuminate\\Pipeline\\Pipeline->Illuminate\\Pipeline\\{closure}()
#48 /home/Cocou/HTML/SBIN/Make_form/conquete_project/conquete/vendor/laravel/framework/src/Illuminate/Foundation/Http/Kernel.php(141): Illuminate\\Pipeline\\Pipeline->then()
#49 /home/Cocou/HTML/SBIN/Make_form/conquete_project/conquete/vendor/laravel/framework/src/Illuminate/Foundation/Http/Kernel.php(110): Illuminate\\Foundation\\Http\\Kernel->sendRequestThroughRouter()
#50 /home/Cocou/HTML/SBIN/Make_form/conquete_project/conquete/public/index.php(52): Illuminate\\Foundation\\Http\\Kernel->handle()
#51 /home/Cocou/HTML/SBIN/Make_form/conquete_project/conquete/server.php(21): require_once('/home/Cocou/HTM...')
#52 {main}

[previous exception] [object] (ParseError(code: 0): syntax error, unexpected 'identité' (T_STRING), expecting ')' at /home/Cocou/HTML/SBIN/Make_form/conquete_project/conquete/storage/framework/views/4f2fa8409c974732c87ea63d911f0578ab3861fd.php:56)
[stacktrace]
#0 /home/Cocou/HTML/SBIN/Make_form/conquete_project/conquete/vendor/laravel/framework/src/Illuminate/Filesystem/Filesystem.php(108): Illuminate\\Filesystem\\Filesystem::Illuminate\\Filesystem\\{closure}()
#1 /home/Cocou/HTML/SBIN/Make_form/conquete_project/conquete/vendor/laravel/framework/src/Illuminate/View/Engines/PhpEngine.php(58): Illuminate\\Filesystem\\Filesystem->getRequire()
#2 /home/Cocou/HTML/SBIN/Make_form/conquete_project/conquete/vendor/laravel/framework/src/Illuminate/View/Engines/CompilerEngine.php(61): Illuminate\\View\\Engines\\PhpEngine->evaluatePath()
#3 /home/Cocou/HTML/SBIN/Make_form/conquete_project/conquete/vendor/facade/ignition/src/Views/Engines/CompilerEngine.php(37): Illuminate\\View\\Engines\\CompilerEngine->get()
#4 /home/Cocou/HTML/SBIN/Make_form/conquete_project/conquete/vendor/laravel/framework/src/Illuminate/View/View.php(139): Facade\\Ignition\\Views\\Engines\\CompilerEngine->get()
#5 /home/Cocou/HTML/SBIN/Make_form/conquete_project/conquete/vendor/laravel/framework/src/Illuminate/View/View.php(122): Illuminate\\View\\View->getContents()
#6 /home/Cocou/HTML/SBIN/Make_form/conquete_project/conquete/vendor/laravel/framework/src/Illuminate/View/View.php(91): Illuminate\\View\\View->renderContents()
#7 /home/Cocou/HTML/SBIN/Make_form/conquete_project/conquete/vendor/laravel/framework/src/Illuminate/Http/Response.php(69): Illuminate\\View\\View->render()
#8 /home/Cocou/HTML/SBIN/Make_form/conquete_project/conquete/vendor/laravel/framework/src/Illuminate/Http/Response.php(35): Illuminate\\Http\\Response->setContent()
#9 /home/Cocou/HTML/SBIN/Make_form/conquete_project/conquete/vendor/laravel/framework/src/Illuminate/Routing/Router.php(794): Illuminate\\Http\\Response->__construct()
#10 /home/Cocou/HTML/SBIN/Make_form/conquete_project/conquete/vendor/laravel/framework/src/Illuminate/Routing/Router.php(763): Illuminate\\Routing\\Router::toResponse()
#11 /home/Cocou/HTML/SBIN/Make_form/conquete_project/conquete/vendor/laravel/framework/src/Illuminate/Routing/Router.php(695): Illuminate\\Routing\\Router->prepareResponse()
#12 /home/Cocou/HTML/SBIN/Make_form/conquete_project/conquete/vendor/laravel/framework/src/Illuminate/Pipeline/Pipeline.php(128): Illuminate\\Routing\\Router->Illuminate\\Routing\\{closure}()
#13 /home/Cocou/HTML/SBIN/Make_form/conquete_project/conquete/vendor/laravel/framework/src/Illuminate/Routing/Middleware/SubstituteBindings.php(50): Illuminate\\Pipeline\\Pipeline->Illuminate\\Pipeline\\{closure}()
#14 /home/Cocou/HTML/SBIN/Make_form/conquete_project/conquete/vendor/laravel/framework/src/Illuminate/Pipeline/Pipeline.php(167): Illuminate\\Routing\\Middleware\\SubstituteBindings->handle()
#15 /home/Cocou/HTML/SBIN/Make_form/conquete_project/conquete/vendor/laravel/framework/src/Illuminate/Foundation/Http/Middleware/VerifyCsrfToken.php(78): Illuminate\\Pipeline\\Pipeline->Illuminate\\Pipeline\\{closure}()
#16 /home/Cocou/HTML/SBIN/Make_form/conquete_project/conquete/vendor/laravel/framework/src/Illuminate/Pipeline/Pipeline.php(167): Illuminate\\Foundation\\Http\\Middleware\\VerifyCsrfToken->handle()
#17 /home/Cocou/HTML/SBIN/Make_form/conquete_project/conquete/vendor/laravel/framework/src/Illuminate/View/Middleware/ShareErrorsFromSession.php(49): Illuminate\\Pipeline\\Pipeline->Illuminate\\Pipeline\\{closure}()
#18 /home/Cocou/HTML/SBIN/Make_form/conquete_project/conquete/vendor/laravel/framework/src/Illuminate/Pipeline/Pipeline.php(167): Illuminate\\View\\Middleware\\ShareErrorsFromSession->handle()
#19 /home/Cocou/HTML/SBIN/Make_form/conquete_project/conquete/vendor/laravel/framework/src/Illuminate/Session/Middleware/StartSession.php(121): Illuminate\\Pipeline\\Pipeline->Illuminate\\Pipeline\\{closure}()
#20 /home/Cocou/HTML/SBIN/Make_form/conquete_project/conquete/vendor/laravel/framework/src/Illuminate/Session/Middleware/StartSession.php(64): Illuminate\\Session\\Middleware\\StartSession->handleStatefulRequest()
#21 /home/Cocou/HTML/SBIN/Make_form/conquete_project/conquete/vendor/laravel/framework/src/Illuminate/Pipeline/Pipeline.php(167): Illuminate\\Session\\Middleware\\StartSession->handle()
#22 /home/Cocou/HTML/SBIN/Make_form/conquete_project/conquete/vendor/laravel/framework/src/Illuminate/Cookie/Middleware/AddQueuedCookiesToResponse.php(37): Illuminate\\Pipeline\\Pipeline->Illuminate\\Pipeline\\{closure}()
#23 /home/Cocou/HTML/SBIN/Make_form/conquete_project/conquete/vendor/laravel/framework/src/Illuminate/Pipeline/Pipeline.php(167): Illuminate\\Cookie\\Middleware\\AddQueuedCookiesToResponse->handle()
#24 /home/Cocou/HTML/SBIN/Make_form/conquete_project/conquete/vendor/laravel/framework/src/Illuminate/Cookie/Middleware/EncryptCookies.php(67): Illuminate\\Pipeline\\Pipeline->Illuminate\\Pipeline\\{closure}()
#25 /home/Cocou/HTML/SBIN/Make_form/conquete_project/conquete/vendor/laravel/framework/src/Illuminate/Pipeline/Pipeline.php(167): Illuminate\\Cookie\\Middleware\\EncryptCookies->handle()
#26 /home/Cocou/HTML/SBIN/Make_form/conquete_project/conquete/vendor/laravel/framework/src/Illuminate/Pipeline/Pipeline.php(103): Illuminate\\Pipeline\\Pipeline->Illuminate\\Pipeline\\{closure}()
#27 /home/Cocou/HTML/SBIN/Make_form/conquete_project/conquete/vendor/laravel/framework/src/Illuminate/Routing/Router.php(697): Illuminate\\Pipeline\\Pipeline->then()
#28 /home/Cocou/HTML/SBIN/Make_form/conquete_project/conquete/vendor/laravel/framework/src/Illuminate/Routing/Router.php(672): Illuminate\\Routing\\Router->runRouteWithinStack()
#29 /home/Cocou/HTML/SBIN/Make_form/conquete_project/conquete/vendor/laravel/framework/src/Illuminate/Routing/Router.php(636): Illuminate\\Routing\\Router->runRoute()
#30 /home/Cocou/HTML/SBIN/Make_form/conquete_project/conquete/vendor/laravel/framework/src/Illuminate/Routing/Router.php(625): Illuminate\\Routing\\Router->dispatchToRoute()
#31 /home/Cocou/HTML/SBIN/Make_form/conquete_project/conquete/vendor/laravel/framework/src/Illuminate/Foundation/Http/Kernel.php(166): Illuminate\\Routing\\Router->dispatch()
#32 /home/Cocou/HTML/SBIN/Make_form/conquete_project/conquete/vendor/laravel/framework/src/Illuminate/Pipeline/Pipeline.php(128): Illuminate\\Foundation\\Http\\Kernel->Illuminate\\Foundation\\Http\\{closure}()
#33 /home/Cocou/HTML/SBIN/Make_form/conquete_project/conquete/vendor/laravel/framework/src/Illuminate/Foundation/Http/Middleware/TransformsRequest.php(21): Illuminate\\Pipeline\\Pipeline->Illuminate\\Pipeline\\{closure}()
#34 /home/Cocou/HTML/SBIN/Make_form/conquete_project/conquete/vendor/laravel/framework/src/Illuminate/Foundation/Http/Middleware/ConvertEmptyStringsToNull.php(31): Illuminate\\Foundation\\Http\\Middleware\\TransformsRequest->handle()
#35 /home/Cocou/HTML/SBIN/Make_form/conquete_project/conquete/vendor/laravel/framework/src/Illuminate/Pipeline/Pipeline.php(167): Illuminate\\Foundation\\Http\\Middleware\\ConvertEmptyStringsToNull->handle()
#36 /home/Cocou/HTML/SBIN/Make_form/conquete_project/conquete/vendor/laravel/framework/src/Illuminate/Foundation/Http/Middleware/TransformsRequest.php(21): Illuminate\\Pipeline\\Pipeline->Illuminate\\Pipeline\\{closure}()
#37 /home/Cocou/HTML/SBIN/Make_form/conquete_project/conquete/vendor/laravel/framework/src/Illuminate/Foundation/Http/Middleware/TrimStrings.php(40): Illuminate\\Foundation\\Http\\Middleware\\TransformsRequest->handle()
#38 /home/Cocou/HTML/SBIN/Make_form/conquete_project/conquete/vendor/laravel/framework/src/Illuminate/Pipeline/Pipeline.php(167): Illuminate\\Foundation\\Http\\Middleware\\TrimStrings->handle()
#39 /home/Cocou/HTML/SBIN/Make_form/conquete_project/conquete/vendor/laravel/framework/src/Illuminate/Foundation/Http/Middleware/ValidatePostSize.php(27): Illuminate\\Pipeline\\Pipeline->Illuminate\\Pipeline\\{closure}()
#40 /home/Cocou/HTML/SBIN/Make_form/conquete_project/conquete/vendor/laravel/framework/src/Illuminate/Pipeline/Pipeline.php(167): Illuminate\\Foundation\\Http\\Middleware\\ValidatePostSize->handle()
#41 /home/Cocou/HTML/SBIN/Make_form/conquete_project/conquete/vendor/laravel/framework/src/Illuminate/Foundation/Http/Middleware/PreventRequestsDuringMaintenance.php(86): Illuminate\\Pipeline\\Pipeline->Illuminate\\Pipeline\\{closure}()
#42 /home/Cocou/HTML/SBIN/Make_form/conquete_project/conquete/vendor/laravel/framework/src/Illuminate/Pipeline/Pipeline.php(167): Illuminate\\Foundation\\Http\\Middleware\\PreventRequestsDuringMaintenance->handle()
#43 /home/Cocou/HTML/SBIN/Make_form/conquete_project/conquete/vendor/fruitcake/laravel-cors/src/HandleCors.php(38): Illuminate\\Pipeline\\Pipeline->Illuminate\\Pipeline\\{closure}()
#44 /home/Cocou/HTML/SBIN/Make_form/conquete_project/conquete/vendor/laravel/framework/src/Illuminate/Pipeline/Pipeline.php(167): Fruitcake\\Cors\\HandleCors->handle()
#45 /home/Cocou/HTML/SBIN/Make_form/conquete_project/conquete/vendor/laravel/framework/src/Illuminate/Http/Middleware/TrustProxies.php(39): Illuminate\\Pipeline\\Pipeline->Illuminate\\Pipeline\\{closure}()
#46 /home/Cocou/HTML/SBIN/Make_form/conquete_project/conquete/vendor/laravel/framework/src/Illuminate/Pipeline/Pipeline.php(167): Illuminate\\Http\\Middleware\\TrustProxies->handle()
#47 /home/Cocou/HTML/SBIN/Make_form/conquete_project/conquete/vendor/laravel/framework/src/Illuminate/Pipeline/Pipeline.php(103): Illuminate\\Pipeline\\Pipeline->Illuminate\\Pipeline\\{closure}()
#48 /home/Cocou/HTML/SBIN/Make_form/conquete_project/conquete/vendor/laravel/framework/src/Illuminate/Foundation/Http/Kernel.php(141): Illuminate\\Pipeline\\Pipeline->then()
#49 /home/Cocou/HTML/SBIN/Make_form/conquete_project/conquete/vendor/laravel/framework/src/Illuminate/Foundation/Http/Kernel.php(110): Illuminate\\Foundation\\Http\\Kernel->sendRequestThroughRouter()
#50 /home/Cocou/HTML/SBIN/Make_form/conquete_project/conquete/public/index.php(52): Illuminate\\Foundation\\Http\\Kernel->handle()
#51 /home/Cocou/HTML/SBIN/Make_form/conquete_project/conquete/server.php(21): require_once('/home/Cocou/HTM...')
#52 {main}
"} 
[2021-09-13 07:27:16] local.ERROR: syntax error, unexpected 'Postal' (T_STRING), expecting ')' (View: /home/Cocou/HTML/SBIN/Make_form/conquete_project/conquete/resources/views/index.blade.php) {"view":{"view":"/home/Cocou/HTML/SBIN/Make_form/conquete_project/conquete/resources/views/index.blade.php","data":{"errors":"<pre class=sf-dump id=sf-dump-536088595 data-indent-pad=\"  \"><span class=sf-dump-note>Illuminate\\Support\\ViewErrorBag</span> {<a class=sf-dump-ref>#276</a><samp data-depth=1 class=sf-dump-expanded>
  #<span class=sf-dump-protected title=\"Protected property\">bags</span>: []
</samp>}
</pre><script>Sfdump(\"sf-dump-536088595\", {\"maxDepth\":3,\"maxStringLength\":160})</script>
"}},"exception":"[object] (Facade\\Ignition\\Exceptions\\ViewException(code: 0): syntax error, unexpected 'Postal' (T_STRING), expecting ')' (View: /home/Cocou/HTML/SBIN/Make_form/conquete_project/conquete/resources/views/index.blade.php) at /home/Cocou/HTML/SBIN/Make_form/conquete_project/conquete/resources/views/index.blade.php:56)
[stacktrace]
#0 /home/Cocou/HTML/SBIN/Make_form/conquete_project/conquete/vendor/laravel/framework/src/Illuminate/Filesystem/Filesystem.php(108): Illuminate\\Filesystem\\Filesystem::Illuminate\\Filesystem\\{closure}()
#1 /home/Cocou/HTML/SBIN/Make_form/conquete_project/conquete/vendor/laravel/framework/src/Illuminate/View/Engines/PhpEngine.php(58): Illuminate\\Filesystem\\Filesystem->getRequire()
#2 /home/Cocou/HTML/SBIN/Make_form/conquete_project/conquete/vendor/laravel/framework/src/Illuminate/View/Engines/CompilerEngine.php(61): Illuminate\\View\\Engines\\PhpEngine->evaluatePath()
#3 /home/Cocou/HTML/SBIN/Make_form/conquete_project/conquete/vendor/facade/ignition/src/Views/Engines/CompilerEngine.php(37): Illuminate\\View\\Engines\\CompilerEngine->get()
#4 /home/Cocou/HTML/SBIN/Make_form/conquete_project/conquete/vendor/laravel/framework/src/Illuminate/View/View.php(139): Facade\\Ignition\\Views\\Engines\\CompilerEngine->get()
#5 /home/Cocou/HTML/SBIN/Make_form/conquete_project/conquete/vendor/laravel/framework/src/Illuminate/View/View.php(122): Illuminate\\View\\View->getContents()
#6 /home/Cocou/HTML/SBIN/Make_form/conquete_project/conquete/vendor/laravel/framework/src/Illuminate/View/View.php(91): Illuminate\\View\\View->renderContents()
#7 /home/Cocou/HTML/SBIN/Make_form/conquete_project/conquete/vendor/laravel/framework/src/Illuminate/Http/Response.php(69): Illuminate\\View\\View->render()
#8 /home/Cocou/HTML/SBIN/Make_form/conquete_project/conquete/vendor/laravel/framework/src/Illuminate/Http/Response.php(35): Illuminate\\Http\\Response->setContent()
#9 /home/Cocou/HTML/SBIN/Make_form/conquete_project/conquete/vendor/laravel/framework/src/Illuminate/Routing/Router.php(794): Illuminate\\Http\\Response->__construct()
#10 /home/Cocou/HTML/SBIN/Make_form/conquete_project/conquete/vendor/laravel/framework/src/Illuminate/Routing/Router.php(763): Illuminate\\Routing\\Router::toResponse()
#11 /home/Cocou/HTML/SBIN/Make_form/conquete_project/conquete/vendor/laravel/framework/src/Illuminate/Routing/Router.php(695): Illuminate\\Routing\\Router->prepareResponse()
#12 /home/Cocou/HTML/SBIN/Make_form/conquete_project/conquete/vendor/laravel/framework/src/Illuminate/Pipeline/Pipeline.php(128): Illuminate\\Routing\\Router->Illuminate\\Routing\\{closure}()
#13 /home/Cocou/HTML/SBIN/Make_form/conquete_project/conquete/vendor/laravel/framework/src/Illuminate/Routing/Middleware/SubstituteBindings.php(50): Illuminate\\Pipeline\\Pipeline->Illuminate\\Pipeline\\{closure}()
#14 /home/Cocou/HTML/SBIN/Make_form/conquete_project/conquete/vendor/laravel/framework/src/Illuminate/Pipeline/Pipeline.php(167): Illuminate\\Routing\\Middleware\\SubstituteBindings->handle()
#15 /home/Cocou/HTML/SBIN/Make_form/conquete_project/conquete/vendor/laravel/framework/src/Illuminate/Foundation/Http/Middleware/VerifyCsrfToken.php(78): Illuminate\\Pipeline\\Pipeline->Illuminate\\Pipeline\\{closure}()
#16 /home/Cocou/HTML/SBIN/Make_form/conquete_project/conquete/vendor/laravel/framework/src/Illuminate/Pipeline/Pipeline.php(167): Illuminate\\Foundation\\Http\\Middleware\\VerifyCsrfToken->handle()
#17 /home/Cocou/HTML/SBIN/Make_form/conquete_project/conquete/vendor/laravel/framework/src/Illuminate/View/Middleware/ShareErrorsFromSession.php(49): Illuminate\\Pipeline\\Pipeline->Illuminate\\Pipeline\\{closure}()
#18 /home/Cocou/HTML/SBIN/Make_form/conquete_project/conquete/vendor/laravel/framework/src/Illuminate/Pipeline/Pipeline.php(167): Illuminate\\View\\Middleware\\ShareErrorsFromSession->handle()
#19 /home/Cocou/HTML/SBIN/Make_form/conquete_project/conquete/vendor/laravel/framework/src/Illuminate/Session/Middleware/StartSession.php(121): Illuminate\\Pipeline\\Pipeline->Illuminate\\Pipeline\\{closure}()
#20 /home/Cocou/HTML/SBIN/Make_form/conquete_project/conquete/vendor/laravel/framework/src/Illuminate/Session/Middleware/StartSession.php(64): Illuminate\\Session\\Middleware\\StartSession->handleStatefulRequest()
#21 /home/Cocou/HTML/SBIN/Make_form/conquete_project/conquete/vendor/laravel/framework/src/Illuminate/Pipeline/Pipeline.php(167): Illuminate\\Session\\Middleware\\StartSession->handle()
#22 /home/Cocou/HTML/SBIN/Make_form/conquete_project/conquete/vendor/laravel/framework/src/Illuminate/Cookie/Middleware/AddQueuedCookiesToResponse.php(37): Illuminate\\Pipeline\\Pipeline->Illuminate\\Pipeline\\{closure}()
#23 /home/Cocou/HTML/SBIN/Make_form/conquete_project/conquete/vendor/laravel/framework/src/Illuminate/Pipeline/Pipeline.php(167): Illuminate\\Cookie\\Middleware\\AddQueuedCookiesToResponse->handle()
#24 /home/Cocou/HTML/SBIN/Make_form/conquete_project/conquete/vendor/laravel/framework/src/Illuminate/Cookie/Middleware/EncryptCookies.php(67): Illuminate\\Pipeline\\Pipeline->Illuminate\\Pipeline\\{closure}()
#25 /home/Cocou/HTML/SBIN/Make_form/conquete_project/conquete/vendor/laravel/framework/src/Illuminate/Pipeline/Pipeline.php(167): Illuminate\\Cookie\\Middleware\\EncryptCookies->handle()
#26 /home/Cocou/HTML/SBIN/Make_form/conquete_project/conquete/vendor/laravel/framework/src/Illuminate/Pipeline/Pipeline.php(103): Illuminate\\Pipeline\\Pipeline->Illuminate\\Pipeline\\{closure}()
#27 /home/Cocou/HTML/SBIN/Make_form/conquete_project/conquete/vendor/laravel/framework/src/Illuminate/Routing/Router.php(697): Illuminate\\Pipeline\\Pipeline->then()
#28 /home/Cocou/HTML/SBIN/Make_form/conquete_project/conquete/vendor/laravel/framework/src/Illuminate/Routing/Router.php(672): Illuminate\\Routing\\Router->runRouteWithinStack()
#29 /home/Cocou/HTML/SBIN/Make_form/conquete_project/conquete/vendor/laravel/framework/src/Illuminate/Routing/Router.php(636): Illuminate\\Routing\\Router->runRoute()
#30 /home/Cocou/HTML/SBIN/Make_form/conquete_project/conquete/vendor/laravel/framework/src/Illuminate/Routing/Router.php(625): Illuminate\\Routing\\Router->dispatchToRoute()
#31 /home/Cocou/HTML/SBIN/Make_form/conquete_project/conquete/vendor/laravel/framework/src/Illuminate/Foundation/Http/Kernel.php(166): Illuminate\\Routing\\Router->dispatch()
#32 /home/Cocou/HTML/SBIN/Make_form/conquete_project/conquete/vendor/laravel/framework/src/Illuminate/Pipeline/Pipeline.php(128): Illuminate\\Foundation\\Http\\Kernel->Illuminate\\Foundation\\Http\\{closure}()
#33 /home/Cocou/HTML/SBIN/Make_form/conquete_project/conquete/vendor/laravel/framework/src/Illuminate/Foundation/Http/Middleware/TransformsRequest.php(21): Illuminate\\Pipeline\\Pipeline->Illuminate\\Pipeline\\{closure}()
#34 /home/Cocou/HTML/SBIN/Make_form/conquete_project/conquete/vendor/laravel/framework/src/Illuminate/Foundation/Http/Middleware/ConvertEmptyStringsToNull.php(31): Illuminate\\Foundation\\Http\\Middleware\\TransformsRequest->handle()
#35 /home/Cocou/HTML/SBIN/Make_form/conquete_project/conquete/vendor/laravel/framework/src/Illuminate/Pipeline/Pipeline.php(167): Illuminate\\Foundation\\Http\\Middleware\\ConvertEmptyStringsToNull->handle()
#36 /home/Cocou/HTML/SBIN/Make_form/conquete_project/conquete/vendor/laravel/framework/src/Illuminate/Foundation/Http/Middleware/TransformsRequest.php(21): Illuminate\\Pipeline\\Pipeline->Illuminate\\Pipeline\\{closure}()
#37 /home/Cocou/HTML/SBIN/Make_form/conquete_project/conquete/vendor/laravel/framework/src/Illuminate/Foundation/Http/Middleware/TrimStrings.php(40): Illuminate\\Foundation\\Http\\Middleware\\TransformsRequest->handle()
#38 /home/Cocou/HTML/SBIN/Make_form/conquete_project/conquete/vendor/laravel/framework/src/Illuminate/Pipeline/Pipeline.php(167): Illuminate\\Foundation\\Http\\Middleware\\TrimStrings->handle()
#39 /home/Cocou/HTML/SBIN/Make_form/conquete_project/conquete/vendor/laravel/framework/src/Illuminate/Foundation/Http/Middleware/ValidatePostSize.php(27): Illuminate\\Pipeline\\Pipeline->Illuminate\\Pipeline\\{closure}()
#40 /home/Cocou/HTML/SBIN/Make_form/conquete_project/conquete/vendor/laravel/framework/src/Illuminate/Pipeline/Pipeline.php(167): Illuminate\\Foundation\\Http\\Middleware\\ValidatePostSize->handle()
#41 /home/Cocou/HTML/SBIN/Make_form/conquete_project/conquete/vendor/laravel/framework/src/Illuminate/Foundation/Http/Middleware/PreventRequestsDuringMaintenance.php(86): Illuminate\\Pipeline\\Pipeline->Illuminate\\Pipeline\\{closure}()
#42 /home/Cocou/HTML/SBIN/Make_form/conquete_project/conquete/vendor/laravel/framework/src/Illuminate/Pipeline/Pipeline.php(167): Illuminate\\Foundation\\Http\\Middleware\\PreventRequestsDuringMaintenance->handle()
#43 /home/Cocou/HTML/SBIN/Make_form/conquete_project/conquete/vendor/fruitcake/laravel-cors/src/HandleCors.php(38): Illuminate\\Pipeline\\Pipeline->Illuminate\\Pipeline\\{closure}()
#44 /home/Cocou/HTML/SBIN/Make_form/conquete_project/conquete/vendor/laravel/framework/src/Illuminate/Pipeline/Pipeline.php(167): Fruitcake\\Cors\\HandleCors->handle()
#45 /home/Cocou/HTML/SBIN/Make_form/conquete_project/conquete/vendor/laravel/framework/src/Illuminate/Http/Middleware/TrustProxies.php(39): Illuminate\\Pipeline\\Pipeline->Illuminate\\Pipeline\\{closure}()
#46 /home/Cocou/HTML/SBIN/Make_form/conquete_project/conquete/vendor/laravel/framework/src/Illuminate/Pipeline/Pipeline.php(167): Illuminate\\Http\\Middleware\\TrustProxies->handle()
#47 /home/Cocou/HTML/SBIN/Make_form/conquete_project/conquete/vendor/laravel/framework/src/Illuminate/Pipeline/Pipeline.php(103): Illuminate\\Pipeline\\Pipeline->Illuminate\\Pipeline\\{closure}()
#48 /home/Cocou/HTML/SBIN/Make_form/conquete_project/conquete/vendor/laravel/framework/src/Illuminate/Foundation/Http/Kernel.php(141): Illuminate\\Pipeline\\Pipeline->then()
#49 /home/Cocou/HTML/SBIN/Make_form/conquete_project/conquete/vendor/laravel/framework/src/Illuminate/Foundation/Http/Kernel.php(110): Illuminate\\Foundation\\Http\\Kernel->sendRequestThroughRouter()
#50 /home/Cocou/HTML/SBIN/Make_form/conquete_project/conquete/public/index.php(52): Illuminate\\Foundation\\Http\\Kernel->handle()
#51 /home/Cocou/HTML/SBIN/Make_form/conquete_project/conquete/server.php(21): require_once('/home/Cocou/HTM...')
#52 {main}

[previous exception] [object] (ParseError(code: 0): syntax error, unexpected 'Postal' (T_STRING), expecting ')' at /home/Cocou/HTML/SBIN/Make_form/conquete_project/conquete/storage/framework/views/4f2fa8409c974732c87ea63d911f0578ab3861fd.php:56)
[stacktrace]
#0 /home/Cocou/HTML/SBIN/Make_form/conquete_project/conquete/vendor/laravel/framework/src/Illuminate/Filesystem/Filesystem.php(108): Illuminate\\Filesystem\\Filesystem::Illuminate\\Filesystem\\{closure}()
#1 /home/Cocou/HTML/SBIN/Make_form/conquete_project/conquete/vendor/laravel/framework/src/Illuminate/View/Engines/PhpEngine.php(58): Illuminate\\Filesystem\\Filesystem->getRequire()
#2 /home/Cocou/HTML/SBIN/Make_form/conquete_project/conquete/vendor/laravel/framework/src/Illuminate/View/Engines/CompilerEngine.php(61): Illuminate\\View\\Engines\\PhpEngine->evaluatePath()
#3 /home/Cocou/HTML/SBIN/Make_form/conquete_project/conquete/vendor/facade/ignition/src/Views/Engines/CompilerEngine.php(37): Illuminate\\View\\Engines\\CompilerEngine->get()
#4 /home/Cocou/HTML/SBIN/Make_form/conquete_project/conquete/vendor/laravel/framework/src/Illuminate/View/View.php(139): Facade\\Ignition\\Views\\Engines\\CompilerEngine->get()
#5 /home/Cocou/HTML/SBIN/Make_form/conquete_project/conquete/vendor/laravel/framework/src/Illuminate/View/View.php(122): Illuminate\\View\\View->getContents()
#6 /home/Cocou/HTML/SBIN/Make_form/conquete_project/conquete/vendor/laravel/framework/src/Illuminate/View/View.php(91): Illuminate\\View\\View->renderContents()
#7 /home/Cocou/HTML/SBIN/Make_form/conquete_project/conquete/vendor/laravel/framework/src/Illuminate/Http/Response.php(69): Illuminate\\View\\View->render()
#8 /home/Cocou/HTML/SBIN/Make_form/conquete_project/conquete/vendor/laravel/framework/src/Illuminate/Http/Response.php(35): Illuminate\\Http\\Response->setContent()
#9 /home/Cocou/HTML/SBIN/Make_form/conquete_project/conquete/vendor/laravel/framework/src/Illuminate/Routing/Router.php(794): Illuminate\\Http\\Response->__construct()
#10 /home/Cocou/HTML/SBIN/Make_form/conquete_project/conquete/vendor/laravel/framework/src/Illuminate/Routing/Router.php(763): Illuminate\\Routing\\Router::toResponse()
#11 /home/Cocou/HTML/SBIN/Make_form/conquete_project/conquete/vendor/laravel/framework/src/Illuminate/Routing/Router.php(695): Illuminate\\Routing\\Router->prepareResponse()
#12 /home/Cocou/HTML/SBIN/Make_form/conquete_project/conquete/vendor/laravel/framework/src/Illuminate/Pipeline/Pipeline.php(128): Illuminate\\Routing\\Router->Illuminate\\Routing\\{closure}()
#13 /home/Cocou/HTML/SBIN/Make_form/conquete_project/conquete/vendor/laravel/framework/src/Illuminate/Routing/Middleware/SubstituteBindings.php(50): Illuminate\\Pipeline\\Pipeline->Illuminate\\Pipeline\\{closure}()
#14 /home/Cocou/HTML/SBIN/Make_form/conquete_project/conquete/vendor/laravel/framework/src/Illuminate/Pipeline/Pipeline.php(167): Illuminate\\Routing\\Middleware\\SubstituteBindings->handle()
#15 /home/Cocou/HTML/SBIN/Make_form/conquete_project/conquete/vendor/laravel/framework/src/Illuminate/Foundation/Http/Middleware/VerifyCsrfToken.php(78): Illuminate\\Pipeline\\Pipeline->Illuminate\\Pipeline\\{closure}()
#16 /home/Cocou/HTML/SBIN/Make_form/conquete_project/conquete/vendor/laravel/framework/src/Illuminate/Pipeline/Pipeline.php(167): Illuminate\\Foundation\\Http\\Middleware\\VerifyCsrfToken->handle()
#17 /home/Cocou/HTML/SBIN/Make_form/conquete_project/conquete/vendor/laravel/framework/src/Illuminate/View/Middleware/ShareErrorsFromSession.php(49): Illuminate\\Pipeline\\Pipeline->Illuminate\\Pipeline\\{closure}()
#18 /home/Cocou/HTML/SBIN/Make_form/conquete_project/conquete/vendor/laravel/framework/src/Illuminate/Pipeline/Pipeline.php(167): Illuminate\\View\\Middleware\\ShareErrorsFromSession->handle()
#19 /home/Cocou/HTML/SBIN/Make_form/conquete_project/conquete/vendor/laravel/framework/src/Illuminate/Session/Middleware/StartSession.php(121): Illuminate\\Pipeline\\Pipeline->Illuminate\\Pipeline\\{closure}()
#20 /home/Cocou/HTML/SBIN/Make_form/conquete_project/conquete/vendor/laravel/framework/src/Illuminate/Session/Middleware/StartSession.php(64): Illuminate\\Session\\Middleware\\StartSession->handleStatefulRequest()
#21 /home/Cocou/HTML/SBIN/Make_form/conquete_project/conquete/vendor/laravel/framework/src/Illuminate/Pipeline/Pipeline.php(167): Illuminate\\Session\\Middleware\\StartSession->handle()
#22 /home/Cocou/HTML/SBIN/Make_form/conquete_project/conquete/vendor/laravel/framework/src/Illuminate/Cookie/Middleware/AddQueuedCookiesToResponse.php(37): Illuminate\\Pipeline\\Pipeline->Illuminate\\Pipeline\\{closure}()
#23 /home/Cocou/HTML/SBIN/Make_form/conquete_project/conquete/vendor/laravel/framework/src/Illuminate/Pipeline/Pipeline.php(167): Illuminate\\Cookie\\Middleware\\AddQueuedCookiesToResponse->handle()
#24 /home/Cocou/HTML/SBIN/Make_form/conquete_project/conquete/vendor/laravel/framework/src/Illuminate/Cookie/Middleware/EncryptCookies.php(67): Illuminate\\Pipeline\\Pipeline->Illuminate\\Pipeline\\{closure}()
#25 /home/Cocou/HTML/SBIN/Make_form/conquete_project/conquete/vendor/laravel/framework/src/Illuminate/Pipeline/Pipeline.php(167): Illuminate\\Cookie\\Middleware\\EncryptCookies->handle()
#26 /home/Cocou/HTML/SBIN/Make_form/conquete_project/conquete/vendor/laravel/framework/src/Illuminate/Pipeline/Pipeline.php(103): Illuminate\\Pipeline\\Pipeline->Illuminate\\Pipeline\\{closure}()
#27 /home/Cocou/HTML/SBIN/Make_form/conquete_project/conquete/vendor/laravel/framework/src/Illuminate/Routing/Router.php(697): Illuminate\\Pipeline\\Pipeline->then()
#28 /home/Cocou/HTML/SBIN/Make_form/conquete_project/conquete/vendor/laravel/framework/src/Illuminate/Routing/Router.php(672): Illuminate\\Routing\\Router->runRouteWithinStack()
#29 /home/Cocou/HTML/SBIN/Make_form/conquete_project/conquete/vendor/laravel/framework/src/Illuminate/Routing/Router.php(636): Illuminate\\Routing\\Router->runRoute()
#30 /home/Cocou/HTML/SBIN/Make_form/conquete_project/conquete/vendor/laravel/framework/src/Illuminate/Routing/Router.php(625): Illuminate\\Routing\\Router->dispatchToRoute()
#31 /home/Cocou/HTML/SBIN/Make_form/conquete_project/conquete/vendor/laravel/framework/src/Illuminate/Foundation/Http/Kernel.php(166): Illuminate\\Routing\\Router->dispatch()
#32 /home/Cocou/HTML/SBIN/Make_form/conquete_project/conquete/vendor/laravel/framework/src/Illuminate/Pipeline/Pipeline.php(128): Illuminate\\Foundation\\Http\\Kernel->Illuminate\\Foundation\\Http\\{closure}()
#33 /home/Cocou/HTML/SBIN/Make_form/conquete_project/conquete/vendor/laravel/framework/src/Illuminate/Foundation/Http/Middleware/TransformsRequest.php(21): Illuminate\\Pipeline\\Pipeline->Illuminate\\Pipeline\\{closure}()
#34 /home/Cocou/HTML/SBIN/Make_form/conquete_project/conquete/vendor/laravel/framework/src/Illuminate/Foundation/Http/Middleware/ConvertEmptyStringsToNull.php(31): Illuminate\\Foundation\\Http\\Middleware\\TransformsRequest->handle()
#35 /home/Cocou/HTML/SBIN/Make_form/conquete_project/conquete/vendor/laravel/framework/src/Illuminate/Pipeline/Pipeline.php(167): Illuminate\\Foundation\\Http\\Middleware\\ConvertEmptyStringsToNull->handle()
#36 /home/Cocou/HTML/SBIN/Make_form/conquete_project/conquete/vendor/laravel/framework/src/Illuminate/Foundation/Http/Middleware/TransformsRequest.php(21): Illuminate\\Pipeline\\Pipeline->Illuminate\\Pipeline\\{closure}()
#37 /home/Cocou/HTML/SBIN/Make_form/conquete_project/conquete/vendor/laravel/framework/src/Illuminate/Foundation/Http/Middleware/TrimStrings.php(40): Illuminate\\Foundation\\Http\\Middleware\\TransformsRequest->handle()
#38 /home/Cocou/HTML/SBIN/Make_form/conquete_project/conquete/vendor/laravel/framework/src/Illuminate/Pipeline/Pipeline.php(167): Illuminate\\Foundation\\Http\\Middleware\\TrimStrings->handle()
#39 /home/Cocou/HTML/SBIN/Make_form/conquete_project/conquete/vendor/laravel/framework/src/Illuminate/Foundation/Http/Middleware/ValidatePostSize.php(27): Illuminate\\Pipeline\\Pipeline->Illuminate\\Pipeline\\{closure}()
#40 /home/Cocou/HTML/SBIN/Make_form/conquete_project/conquete/vendor/laravel/framework/src/Illuminate/Pipeline/Pipeline.php(167): Illuminate\\Foundation\\Http\\Middleware\\ValidatePostSize->handle()
#41 /home/Cocou/HTML/SBIN/Make_form/conquete_project/conquete/vendor/laravel/framework/src/Illuminate/Foundation/Http/Middleware/PreventRequestsDuringMaintenance.php(86): Illuminate\\Pipeline\\Pipeline->Illuminate\\Pipeline\\{closure}()
#42 /home/Cocou/HTML/SBIN/Make_form/conquete_project/conquete/vendor/laravel/framework/src/Illuminate/Pipeline/Pipeline.php(167): Illuminate\\Foundation\\Http\\Middleware\\PreventRequestsDuringMaintenance->handle()
#43 /home/Cocou/HTML/SBIN/Make_form/conquete_project/conquete/vendor/fruitcake/laravel-cors/src/HandleCors.php(38): Illuminate\\Pipeline\\Pipeline->Illuminate\\Pipeline\\{closure}()
#44 /home/Cocou/HTML/SBIN/Make_form/conquete_project/conquete/vendor/laravel/framework/src/Illuminate/Pipeline/Pipeline.php(167): Fruitcake\\Cors\\HandleCors->handle()
#45 /home/Cocou/HTML/SBIN/Make_form/conquete_project/conquete/vendor/laravel/framework/src/Illuminate/Http/Middleware/TrustProxies.php(39): Illuminate\\Pipeline\\Pipeline->Illuminate\\Pipeline\\{closure}()
#46 /home/Cocou/HTML/SBIN/Make_form/conquete_project/conquete/vendor/laravel/framework/src/Illuminate/Pipeline/Pipeline.php(167): Illuminate\\Http\\Middleware\\TrustProxies->handle()
#47 /home/Cocou/HTML/SBIN/Make_form/conquete_project/conquete/vendor/laravel/framework/src/Illuminate/Pipeline/Pipeline.php(103): Illuminate\\Pipeline\\Pipeline->Illuminate\\Pipeline\\{closure}()
#48 /home/Cocou/HTML/SBIN/Make_form/conquete_project/conquete/vendor/laravel/framework/src/Illuminate/Foundation/Http/Kernel.php(141): Illuminate\\Pipeline\\Pipeline->then()
#49 /home/Cocou/HTML/SBIN/Make_form/conquete_project/conquete/vendor/laravel/framework/src/Illuminate/Foundation/Http/Kernel.php(110): Illuminate\\Foundation\\Http\\Kernel->sendRequestThroughRouter()
#50 /home/Cocou/HTML/SBIN/Make_form/conquete_project/conquete/public/index.php(52): Illuminate\\Foundation\\Http\\Kernel->handle()
#51 /home/Cocou/HTML/SBIN/Make_form/conquete_project/conquete/server.php(21): require_once('/home/Cocou/HTM...')
#52 {main}
"} 
[2021-09-13 07:27:29] local.ERROR: Undefined variable: clients (View: /home/Cocou/HTML/SBIN/Make_form/conquete_project/conquete/resources/views/index.blade.php) {"view":{"view":"/home/Cocou/HTML/SBIN/Make_form/conquete_project/conquete/resources/views/index.blade.php","data":{"errors":"<pre class=sf-dump id=sf-dump-690345634 data-indent-pad=\"  \"><span class=sf-dump-note>Illuminate\\Support\\ViewErrorBag</span> {<a class=sf-dump-ref>#276</a><samp data-depth=1 class=sf-dump-expanded>
  #<span class=sf-dump-protected title=\"Protected property\">bags</span>: []
</samp>}
</pre><script>Sfdump(\"sf-dump-690345634\", {\"maxDepth\":3,\"maxStringLength\":160})</script>
"}},"exception":"[object] (Facade\\Ignition\\Exceptions\\ViewException(code: 0): Undefined variable: clients (View: /home/Cocou/HTML/SBIN/Make_form/conquete_project/conquete/resources/views/index.blade.php) at /home/Cocou/HTML/SBIN/Make_form/conquete_project/conquete/resources/views/index.blade.php:47)
[stacktrace]
#0 /home/Cocou/HTML/SBIN/Make_form/conquete_project/conquete/resources/views/index.blade.php(47): Illuminate\\Foundation\\Bootstrap\\HandleExceptions->handleError()
#1 /home/Cocou/HTML/SBIN/Make_form/conquete_project/conquete/vendor/laravel/framework/src/Illuminate/Filesystem/Filesystem.php(107): require('/home/Cocou/HTM...')
#2 /home/Cocou/HTML/SBIN/Make_form/conquete_project/conquete/vendor/laravel/framework/src/Illuminate/Filesystem/Filesystem.php(108): Illuminate\\Filesystem\\Filesystem::Illuminate\\Filesystem\\{closure}()
#3 /home/Cocou/HTML/SBIN/Make_form/conquete_project/conquete/vendor/laravel/framework/src/Illuminate/View/Engines/PhpEngine.php(58): Illuminate\\Filesystem\\Filesystem->getRequire()
#4 /home/Cocou/HTML/SBIN/Make_form/conquete_project/conquete/vendor/laravel/framework/src/Illuminate/View/Engines/CompilerEngine.php(61): Illuminate\\View\\Engines\\PhpEngine->evaluatePath()
#5 /home/Cocou/HTML/SBIN/Make_form/conquete_project/conquete/vendor/facade/ignition/src/Views/Engines/CompilerEngine.php(37): Illuminate\\View\\Engines\\CompilerEngine->get()
#6 /home/Cocou/HTML/SBIN/Make_form/conquete_project/conquete/vendor/laravel/framework/src/Illuminate/View/View.php(139): Facade\\Ignition\\Views\\Engines\\CompilerEngine->get()
#7 /home/Cocou/HTML/SBIN/Make_form/conquete_project/conquete/vendor/laravel/framework/src/Illuminate/View/View.php(122): Illuminate\\View\\View->getContents()
#8 /home/Cocou/HTML/SBIN/Make_form/conquete_project/conquete/vendor/laravel/framework/src/Illuminate/View/View.php(91): Illuminate\\View\\View->renderContents()
#9 /home/Cocou/HTML/SBIN/Make_form/conquete_project/conquete/vendor/laravel/framework/src/Illuminate/Http/Response.php(69): Illuminate\\View\\View->render()
#10 /home/Cocou/HTML/SBIN/Make_form/conquete_project/conquete/vendor/laravel/framework/src/Illuminate/Http/Response.php(35): Illuminate\\Http\\Response->setContent()
#11 /home/Cocou/HTML/SBIN/Make_form/conquete_project/conquete/vendor/laravel/framework/src/Illuminate/Routing/Router.php(794): Illuminate\\Http\\Response->__construct()
#12 /home/Cocou/HTML/SBIN/Make_form/conquete_project/conquete/vendor/laravel/framework/src/Illuminate/Routing/Router.php(763): Illuminate\\Routing\\Router::toResponse()
#13 /home/Cocou/HTML/SBIN/Make_form/conquete_project/conquete/vendor/laravel/framework/src/Illuminate/Routing/Router.php(695): Illuminate\\Routing\\Router->prepareResponse()
#14 /home/Cocou/HTML/SBIN/Make_form/conquete_project/conquete/vendor/laravel/framework/src/Illuminate/Pipeline/Pipeline.php(128): Illuminate\\Routing\\Router->Illuminate\\Routing\\{closure}()
#15 /home/Cocou/HTML/SBIN/Make_form/conquete_project/conquete/vendor/laravel/framework/src/Illuminate/Routing/Middleware/SubstituteBindings.php(50): Illuminate\\Pipeline\\Pipeline->Illuminate\\Pipeline\\{closure}()
#16 /home/Cocou/HTML/SBIN/Make_form/conquete_project/conquete/vendor/laravel/framework/src/Illuminate/Pipeline/Pipeline.php(167): Illuminate\\Routing\\Middleware\\SubstituteBindings->handle()
#17 /home/Cocou/HTML/SBIN/Make_form/conquete_project/conquete/vendor/laravel/framework/src/Illuminate/Foundation/Http/Middleware/VerifyCsrfToken.php(78): Illuminate\\Pipeline\\Pipeline->Illuminate\\Pipeline\\{closure}()
#18 /home/Cocou/HTML/SBIN/Make_form/conquete_project/conquete/vendor/laravel/framework/src/Illuminate/Pipeline/Pipeline.php(167): Illuminate\\Foundation\\Http\\Middleware\\VerifyCsrfToken->handle()
#19 /home/Cocou/HTML/SBIN/Make_form/conquete_project/conquete/vendor/laravel/framework/src/Illuminate/View/Middleware/ShareErrorsFromSession.php(49): Illuminate\\Pipeline\\Pipeline->Illuminate\\Pipeline\\{closure}()
#20 /home/Cocou/HTML/SBIN/Make_form/conquete_project/conquete/vendor/laravel/framework/src/Illuminate/Pipeline/Pipeline.php(167): Illuminate\\View\\Middleware\\ShareErrorsFromSession->handle()
#21 /home/Cocou/HTML/SBIN/Make_form/conquete_project/conquete/vendor/laravel/framework/src/Illuminate/Session/Middleware/StartSession.php(121): Illuminate\\Pipeline\\Pipeline->Illuminate\\Pipeline\\{closure}()
#22 /home/Cocou/HTML/SBIN/Make_form/conquete_project/conquete/vendor/laravel/framework/src/Illuminate/Session/Middleware/StartSession.php(64): Illuminate\\Session\\Middleware\\StartSession->handleStatefulRequest()
#23 /home/Cocou/HTML/SBIN/Make_form/conquete_project/conquete/vendor/laravel/framework/src/Illuminate/Pipeline/Pipeline.php(167): Illuminate\\Session\\Middleware\\StartSession->handle()
#24 /home/Cocou/HTML/SBIN/Make_form/conquete_project/conquete/vendor/laravel/framework/src/Illuminate/Cookie/Middleware/AddQueuedCookiesToResponse.php(37): Illuminate\\Pipeline\\Pipeline->Illuminate\\Pipeline\\{closure}()
#25 /home/Cocou/HTML/SBIN/Make_form/conquete_project/conquete/vendor/laravel/framework/src/Illuminate/Pipeline/Pipeline.php(167): Illuminate\\Cookie\\Middleware\\AddQueuedCookiesToResponse->handle()
#26 /home/Cocou/HTML/SBIN/Make_form/conquete_project/conquete/vendor/laravel/framework/src/Illuminate/Cookie/Middleware/EncryptCookies.php(67): Illuminate\\Pipeline\\Pipeline->Illuminate\\Pipeline\\{closure}()
#27 /home/Cocou/HTML/SBIN/Make_form/conquete_project/conquete/vendor/laravel/framework/src/Illuminate/Pipeline/Pipeline.php(167): Illuminate\\Cookie\\Middleware\\EncryptCookies->handle()
#28 /home/Cocou/HTML/SBIN/Make_form/conquete_project/conquete/vendor/laravel/framework/src/Illuminate/Pipeline/Pipeline.php(103): Illuminate\\Pipeline\\Pipeline->Illuminate\\Pipeline\\{closure}()
#29 /home/Cocou/HTML/SBIN/Make_form/conquete_project/conquete/vendor/laravel/framework/src/Illuminate/Routing/Router.php(697): Illuminate\\Pipeline\\Pipeline->then()
#30 /home/Cocou/HTML/SBIN/Make_form/conquete_project/conquete/vendor/laravel/framework/src/Illuminate/Routing/Router.php(672): Illuminate\\Routing\\Router->runRouteWithinStack()
#31 /home/Cocou/HTML/SBIN/Make_form/conquete_project/conquete/vendor/laravel/framework/src/Illuminate/Routing/Router.php(636): Illuminate\\Routing\\Router->runRoute()
#32 /home/Cocou/HTML/SBIN/Make_form/conquete_project/conquete/vendor/laravel/framework/src/Illuminate/Routing/Router.php(625): Illuminate\\Routing\\Router->dispatchToRoute()
#33 /home/Cocou/HTML/SBIN/Make_form/conquete_project/conquete/vendor/laravel/framework/src/Illuminate/Foundation/Http/Kernel.php(166): Illuminate\\Routing\\Router->dispatch()
#34 /home/Cocou/HTML/SBIN/Make_form/conquete_project/conquete/vendor/laravel/framework/src/Illuminate/Pipeline/Pipeline.php(128): Illuminate\\Foundation\\Http\\Kernel->Illuminate\\Foundation\\Http\\{closure}()
#35 /home/Cocou/HTML/SBIN/Make_form/conquete_project/conquete/vendor/laravel/framework/src/Illuminate/Foundation/Http/Middleware/TransformsRequest.php(21): Illuminate\\Pipeline\\Pipeline->Illuminate\\Pipeline\\{closure}()
#36 /home/Cocou/HTML/SBIN/Make_form/conquete_project/conquete/vendor/laravel/framework/src/Illuminate/Foundation/Http/Middleware/ConvertEmptyStringsToNull.php(31): Illuminate\\Foundation\\Http\\Middleware\\TransformsRequest->handle()
#37 /home/Cocou/HTML/SBIN/Make_form/conquete_project/conquete/vendor/laravel/framework/src/Illuminate/Pipeline/Pipeline.php(167): Illuminate\\Foundation\\Http\\Middleware\\ConvertEmptyStringsToNull->handle()
#38 /home/Cocou/HTML/SBIN/Make_form/conquete_project/conquete/vendor/laravel/framework/src/Illuminate/Foundation/Http/Middleware/TransformsRequest.php(21): Illuminate\\Pipeline\\Pipeline->Illuminate\\Pipeline\\{closure}()
#39 /home/Cocou/HTML/SBIN/Make_form/conquete_project/conquete/vendor/laravel/framework/src/Illuminate/Foundation/Http/Middleware/TrimStrings.php(40): Illuminate\\Foundation\\Http\\Middleware\\TransformsRequest->handle()
#40 /home/Cocou/HTML/SBIN/Make_form/conquete_project/conquete/vendor/laravel/framework/src/Illuminate/Pipeline/Pipeline.php(167): Illuminate\\Foundation\\Http\\Middleware\\TrimStrings->handle()
#41 /home/Cocou/HTML/SBIN/Make_form/conquete_project/conquete/vendor/laravel/framework/src/Illuminate/Foundation/Http/Middleware/ValidatePostSize.php(27): Illuminate\\Pipeline\\Pipeline->Illuminate\\Pipeline\\{closure}()
#42 /home/Cocou/HTML/SBIN/Make_form/conquete_project/conquete/vendor/laravel/framework/src/Illuminate/Pipeline/Pipeline.php(167): Illuminate\\Foundation\\Http\\Middleware\\ValidatePostSize->handle()
#43 /home/Cocou/HTML/SBIN/Make_form/conquete_project/conquete/vendor/laravel/framework/src/Illuminate/Foundation/Http/Middleware/PreventRequestsDuringMaintenance.php(86): Illuminate\\Pipeline\\Pipeline->Illuminate\\Pipeline\\{closure}()
#44 /home/Cocou/HTML/SBIN/Make_form/conquete_project/conquete/vendor/laravel/framework/src/Illuminate/Pipeline/Pipeline.php(167): Illuminate\\Foundation\\Http\\Middleware\\PreventRequestsDuringMaintenance->handle()
#45 /home/Cocou/HTML/SBIN/Make_form/conquete_project/conquete/vendor/fruitcake/laravel-cors/src/HandleCors.php(38): Illuminate\\Pipeline\\Pipeline->Illuminate\\Pipeline\\{closure}()
#46 /home/Cocou/HTML/SBIN/Make_form/conquete_project/conquete/vendor/laravel/framework/src/Illuminate/Pipeline/Pipeline.php(167): Fruitcake\\Cors\\HandleCors->handle()
#47 /home/Cocou/HTML/SBIN/Make_form/conquete_project/conquete/vendor/laravel/framework/src/Illuminate/Http/Middleware/TrustProxies.php(39): Illuminate\\Pipeline\\Pipeline->Illuminate\\Pipeline\\{closure}()
#48 /home/Cocou/HTML/SBIN/Make_form/conquete_project/conquete/vendor/laravel/framework/src/Illuminate/Pipeline/Pipeline.php(167): Illuminate\\Http\\Middleware\\TrustProxies->handle()
#49 /home/Cocou/HTML/SBIN/Make_form/conquete_project/conquete/vendor/laravel/framework/src/Illuminate/Pipeline/Pipeline.php(103): Illuminate\\Pipeline\\Pipeline->Illuminate\\Pipeline\\{closure}()
#50 /home/Cocou/HTML/SBIN/Make_form/conquete_project/conquete/vendor/laravel/framework/src/Illuminate/Foundation/Http/Kernel.php(141): Illuminate\\Pipeline\\Pipeline->then()
#51 /home/Cocou/HTML/SBIN/Make_form/conquete_project/conquete/vendor/laravel/framework/src/Illuminate/Foundation/Http/Kernel.php(110): Illuminate\\Foundation\\Http\\Kernel->sendRequestThroughRouter()
#52 /home/Cocou/HTML/SBIN/Make_form/conquete_project/conquete/public/index.php(52): Illuminate\\Foundation\\Http\\Kernel->handle()
#53 /home/Cocou/HTML/SBIN/Make_form/conquete_project/conquete/server.php(21): require_once('/home/Cocou/HTM...')
#54 {main}

[previous exception] [object] (ErrorException(code: 0): Undefined variable: clients at /home/Cocou/HTML/SBIN/Make_form/conquete_project/conquete/storage/framework/views/4f2fa8409c974732c87ea63d911f0578ab3861fd.php:47)
[stacktrace]
#0 /home/Cocou/HTML/SBIN/Make_form/conquete_project/conquete/storage/framework/views/4f2fa8409c974732c87ea63d911f0578ab3861fd.php(47): Illuminate\\Foundation\\Bootstrap\\HandleExceptions->handleError()
#1 /home/Cocou/HTML/SBIN/Make_form/conquete_project/conquete/vendor/laravel/framework/src/Illuminate/Filesystem/Filesystem.php(107): require('/home/Cocou/HTM...')
#2 /home/Cocou/HTML/SBIN/Make_form/conquete_project/conquete/vendor/laravel/framework/src/Illuminate/Filesystem/Filesystem.php(108): Illuminate\\Filesystem\\Filesystem::Illuminate\\Filesystem\\{closure}()
#3 /home/Cocou/HTML/SBIN/Make_form/conquete_project/conquete/vendor/laravel/framework/src/Illuminate/View/Engines/PhpEngine.php(58): Illuminate\\Filesystem\\Filesystem->getRequire()
#4 /home/Cocou/HTML/SBIN/Make_form/conquete_project/conquete/vendor/laravel/framework/src/Illuminate/View/Engines/CompilerEngine.php(61): Illuminate\\View\\Engines\\PhpEngine->evaluatePath()
#5 /home/Cocou/HTML/SBIN/Make_form/conquete_project/conquete/vendor/facade/ignition/src/Views/Engines/CompilerEngine.php(37): Illuminate\\View\\Engines\\CompilerEngine->get()
#6 /home/Cocou/HTML/SBIN/Make_form/conquete_project/conquete/vendor/laravel/framework/src/Illuminate/View/View.php(139): Facade\\Ignition\\Views\\Engines\\CompilerEngine->get()
#7 /home/Cocou/HTML/SBIN/Make_form/conquete_project/conquete/vendor/laravel/framework/src/Illuminate/View/View.php(122): Illuminate\\View\\View->getContents()
#8 /home/Cocou/HTML/SBIN/Make_form/conquete_project/conquete/vendor/laravel/framework/src/Illuminate/View/View.php(91): Illuminate\\View\\View->renderContents()
#9 /home/Cocou/HTML/SBIN/Make_form/conquete_project/conquete/vendor/laravel/framework/src/Illuminate/Http/Response.php(69): Illuminate\\View\\View->render()
#10 /home/Cocou/HTML/SBIN/Make_form/conquete_project/conquete/vendor/laravel/framework/src/Illuminate/Http/Response.php(35): Illuminate\\Http\\Response->setContent()
#11 /home/Cocou/HTML/SBIN/Make_form/conquete_project/conquete/vendor/laravel/framework/src/Illuminate/Routing/Router.php(794): Illuminate\\Http\\Response->__construct()
#12 /home/Cocou/HTML/SBIN/Make_form/conquete_project/conquete/vendor/laravel/framework/src/Illuminate/Routing/Router.php(763): Illuminate\\Routing\\Router::toResponse()
#13 /home/Cocou/HTML/SBIN/Make_form/conquete_project/conquete/vendor/laravel/framework/src/Illuminate/Routing/Router.php(695): Illuminate\\Routing\\Router->prepareResponse()
#14 /home/Cocou/HTML/SBIN/Make_form/conquete_project/conquete/vendor/laravel/framework/src/Illuminate/Pipeline/Pipeline.php(128): Illuminate\\Routing\\Router->Illuminate\\Routing\\{closure}()
#15 /home/Cocou/HTML/SBIN/Make_form/conquete_project/conquete/vendor/laravel/framework/src/Illuminate/Routing/Middleware/SubstituteBindings.php(50): Illuminate\\Pipeline\\Pipeline->Illuminate\\Pipeline\\{closure}()
#16 /home/Cocou/HTML/SBIN/Make_form/conquete_project/conquete/vendor/laravel/framework/src/Illuminate/Pipeline/Pipeline.php(167): Illuminate\\Routing\\Middleware\\SubstituteBindings->handle()
#17 /home/Cocou/HTML/SBIN/Make_form/conquete_project/conquete/vendor/laravel/framework/src/Illuminate/Foundation/Http/Middleware/VerifyCsrfToken.php(78): Illuminate\\Pipeline\\Pipeline->Illuminate\\Pipeline\\{closure}()
#18 /home/Cocou/HTML/SBIN/Make_form/conquete_project/conquete/vendor/laravel/framework/src/Illuminate/Pipeline/Pipeline.php(167): Illuminate\\Foundation\\Http\\Middleware\\VerifyCsrfToken->handle()
#19 /home/Cocou/HTML/SBIN/Make_form/conquete_project/conquete/vendor/laravel/framework/src/Illuminate/View/Middleware/ShareErrorsFromSession.php(49): Illuminate\\Pipeline\\Pipeline->Illuminate\\Pipeline\\{closure}()
#20 /home/Cocou/HTML/SBIN/Make_form/conquete_project/conquete/vendor/laravel/framework/src/Illuminate/Pipeline/Pipeline.php(167): Illuminate\\View\\Middleware\\ShareErrorsFromSession->handle()
#21 /home/Cocou/HTML/SBIN/Make_form/conquete_project/conquete/vendor/laravel/framework/src/Illuminate/Session/Middleware/StartSession.php(121): Illuminate\\Pipeline\\Pipeline->Illuminate\\Pipeline\\{closure}()
#22 /home/Cocou/HTML/SBIN/Make_form/conquete_project/conquete/vendor/laravel/framework/src/Illuminate/Session/Middleware/StartSession.php(64): Illuminate\\Session\\Middleware\\StartSession->handleStatefulRequest()
#23 /home/Cocou/HTML/SBIN/Make_form/conquete_project/conquete/vendor/laravel/framework/src/Illuminate/Pipeline/Pipeline.php(167): Illuminate\\Session\\Middleware\\StartSession->handle()
#24 /home/Cocou/HTML/SBIN/Make_form/conquete_project/conquete/vendor/laravel/framework/src/Illuminate/Cookie/Middleware/AddQueuedCookiesToResponse.php(37): Illuminate\\Pipeline\\Pipeline->Illuminate\\Pipeline\\{closure}()
#25 /home/Cocou/HTML/SBIN/Make_form/conquete_project/conquete/vendor/laravel/framework/src/Illuminate/Pipeline/Pipeline.php(167): Illuminate\\Cookie\\Middleware\\AddQueuedCookiesToResponse->handle()
#26 /home/Cocou/HTML/SBIN/Make_form/conquete_project/conquete/vendor/laravel/framework/src/Illuminate/Cookie/Middleware/EncryptCookies.php(67): Illuminate\\Pipeline\\Pipeline->Illuminate\\Pipeline\\{closure}()
#27 /home/Cocou/HTML/SBIN/Make_form/conquete_project/conquete/vendor/laravel/framework/src/Illuminate/Pipeline/Pipeline.php(167): Illuminate\\Cookie\\Middleware\\EncryptCookies->handle()
#28 /home/Cocou/HTML/SBIN/Make_form/conquete_project/conquete/vendor/laravel/framework/src/Illuminate/Pipeline/Pipeline.php(103): Illuminate\\Pipeline\\Pipeline->Illuminate\\Pipeline\\{closure}()
#29 /home/Cocou/HTML/SBIN/Make_form/conquete_project/conquete/vendor/laravel/framework/src/Illuminate/Routing/Router.php(697): Illuminate\\Pipeline\\Pipeline->then()
#30 /home/Cocou/HTML/SBIN/Make_form/conquete_project/conquete/vendor/laravel/framework/src/Illuminate/Routing/Router.php(672): Illuminate\\Routing\\Router->runRouteWithinStack()
#31 /home/Cocou/HTML/SBIN/Make_form/conquete_project/conquete/vendor/laravel/framework/src/Illuminate/Routing/Router.php(636): Illuminate\\Routing\\Router->runRoute()
#32 /home/Cocou/HTML/SBIN/Make_form/conquete_project/conquete/vendor/laravel/framework/src/Illuminate/Routing/Router.php(625): Illuminate\\Routing\\Router->dispatchToRoute()
#33 /home/Cocou/HTML/SBIN/Make_form/conquete_project/conquete/vendor/laravel/framework/src/Illuminate/Foundation/Http/Kernel.php(166): Illuminate\\Routing\\Router->dispatch()
#34 /home/Cocou/HTML/SBIN/Make_form/conquete_project/conquete/vendor/laravel/framework/src/Illuminate/Pipeline/Pipeline.php(128): Illuminate\\Foundation\\Http\\Kernel->Illuminate\\Foundation\\Http\\{closure}()
#35 /home/Cocou/HTML/SBIN/Make_form/conquete_project/conquete/vendor/laravel/framework/src/Illuminate/Foundation/Http/Middleware/TransformsRequest.php(21): Illuminate\\Pipeline\\Pipeline->Illuminate\\Pipeline\\{closure}()
#36 /home/Cocou/HTML/SBIN/Make_form/conquete_project/conquete/vendor/laravel/framework/src/Illuminate/Foundation/Http/Middleware/ConvertEmptyStringsToNull.php(31): Illuminate\\Foundation\\Http\\Middleware\\TransformsRequest->handle()
#37 /home/Cocou/HTML/SBIN/Make_form/conquete_project/conquete/vendor/laravel/framework/src/Illuminate/Pipeline/Pipeline.php(167): Illuminate\\Foundation\\Http\\Middleware\\ConvertEmptyStringsToNull->handle()
#38 /home/Cocou/HTML/SBIN/Make_form/conquete_project/conquete/vendor/laravel/framework/src/Illuminate/Foundation/Http/Middleware/TransformsRequest.php(21): Illuminate\\Pipeline\\Pipeline->Illuminate\\Pipeline\\{closure}()
#39 /home/Cocou/HTML/SBIN/Make_form/conquete_project/conquete/vendor/laravel/framework/src/Illuminate/Foundation/Http/Middleware/TrimStrings.php(40): Illuminate\\Foundation\\Http\\Middleware\\TransformsRequest->handle()
#40 /home/Cocou/HTML/SBIN/Make_form/conquete_project/conquete/vendor/laravel/framework/src/Illuminate/Pipeline/Pipeline.php(167): Illuminate\\Foundation\\Http\\Middleware\\TrimStrings->handle()
#41 /home/Cocou/HTML/SBIN/Make_form/conquete_project/conquete/vendor/laravel/framework/src/Illuminate/Foundation/Http/Middleware/ValidatePostSize.php(27): Illuminate\\Pipeline\\Pipeline->Illuminate\\Pipeline\\{closure}()
#42 /home/Cocou/HTML/SBIN/Make_form/conquete_project/conquete/vendor/laravel/framework/src/Illuminate/Pipeline/Pipeline.php(167): Illuminate\\Foundation\\Http\\Middleware\\ValidatePostSize->handle()
#43 /home/Cocou/HTML/SBIN/Make_form/conquete_project/conquete/vendor/laravel/framework/src/Illuminate/Foundation/Http/Middleware/PreventRequestsDuringMaintenance.php(86): Illuminate\\Pipeline\\Pipeline->Illuminate\\Pipeline\\{closure}()
#44 /home/Cocou/HTML/SBIN/Make_form/conquete_project/conquete/vendor/laravel/framework/src/Illuminate/Pipeline/Pipeline.php(167): Illuminate\\Foundation\\Http\\Middleware\\PreventRequestsDuringMaintenance->handle()
#45 /home/Cocou/HTML/SBIN/Make_form/conquete_project/conquete/vendor/fruitcake/laravel-cors/src/HandleCors.php(38): Illuminate\\Pipeline\\Pipeline->Illuminate\\Pipeline\\{closure}()
#46 /home/Cocou/HTML/SBIN/Make_form/conquete_project/conquete/vendor/laravel/framework/src/Illuminate/Pipeline/Pipeline.php(167): Fruitcake\\Cors\\HandleCors->handle()
#47 /home/Cocou/HTML/SBIN/Make_form/conquete_project/conquete/vendor/laravel/framework/src/Illuminate/Http/Middleware/TrustProxies.php(39): Illuminate\\Pipeline\\Pipeline->Illuminate\\Pipeline\\{closure}()
#48 /home/Cocou/HTML/SBIN/Make_form/conquete_project/conquete/vendor/laravel/framework/src/Illuminate/Pipeline/Pipeline.php(167): Illuminate\\Http\\Middleware\\TrustProxies->handle()
#49 /home/Cocou/HTML/SBIN/Make_form/conquete_project/conquete/vendor/laravel/framework/src/Illuminate/Pipeline/Pipeline.php(103): Illuminate\\Pipeline\\Pipeline->Illuminate\\Pipeline\\{closure}()
#50 /home/Cocou/HTML/SBIN/Make_form/conquete_project/conquete/vendor/laravel/framework/src/Illuminate/Foundation/Http/Kernel.php(141): Illuminate\\Pipeline\\Pipeline->then()
#51 /home/Cocou/HTML/SBIN/Make_form/conquete_project/conquete/vendor/laravel/framework/src/Illuminate/Foundation/Http/Kernel.php(110): Illuminate\\Foundation\\Http\\Kernel->sendRequestThroughRouter()
#52 /home/Cocou/HTML/SBIN/Make_form/conquete_project/conquete/public/index.php(52): Illuminate\\Foundation\\Http\\Kernel->handle()
#53 /home/Cocou/HTML/SBIN/Make_form/conquete_project/conquete/server.php(21): require_once('/home/Cocou/HTM...')
#54 {main}
"} 
